Warning: CapabilityPattern:planificacion_del_proyecto: missing resource file './../../TRP/capabilitypatterns/Planificar la Siguiente Iteraci&oacute;n_A2547F8F.html'
Warning: CapabilityPattern:planificacion_del_proyecto: missing resource file './../../TRP/capabilitypatterns/Planificar la Siguiente Iteraci&oacute;n_A2547F8F.html'
Warning: Activity:Planificar la Siguiente Iteración: missing resource file './../../TRP/capabilitypatterns/resources/Planificar la Siguiente Iteraci&oacute;n_A2547F8F_Activity.jpeg'
Warning: Activity:Planificar la Siguiente Iteración: missing resource file './../../TRP/capabilitypatterns/resources/Planificar la Siguiente Iteraci&oacute;n_A2547F8F_ActivityDetail.jpeg'
Warning: Activity:Planificar la Siguiente Iteración: missing resource file './../../TRP/capabilitypatterns/resources/Planificar la Siguiente Iteraci&oacute;n_A2547F8F_Activity.jpeg'
Warning: Activity:Planificar la Siguiente Iteración: missing resource file './../../TRP/capabilitypatterns/resources/Planificar la Siguiente Iteraci&oacute;n_A2547F8F_ActivityDetail.jpeg'
Warning: CapabilityPattern:medicion_y_analisis: missing resource file './../../TRP/capabilitypatterns/Definir Objetivos de la Medici&oacute;n_E334C512.html'
Warning: CapabilityPattern:medicion_y_analisis: missing resource file './../../TRP/capabilitypatterns/Analizar Resultados de la Medici&oacute;n_3E5FD1B8.html'
Warning: CapabilityPattern:medicion_y_analisis: missing resource file './../../TRP/capabilitypatterns/Definir Objetivos de la Medici&oacute;n_E334C512.html'
Warning: CapabilityPattern:medicion_y_analisis: missing resource file './../../TRP/capabilitypatterns/Analizar Resultados de la Medici&oacute;n_3E5FD1B8.html'
Warning: Activity:Definir Objetivos de la Medición: missing resource file './../../TRP/capabilitypatterns/resources/Definir Objetivos de la Medici&oacute;n_E334C512_Activity.jpeg'
Warning: Activity:Definir Objetivos de la Medición: missing resource file './../../TRP/capabilitypatterns/resources/Definir Objetivos de la Medici&oacute;n_E334C512_ActivityDetail.jpeg'
Warning: Activity:Definir Objetivos de la Medición: missing resource file './../../TRP/capabilitypatterns/resources/Definir Objetivos de la Medici&oacute;n_E334C512_Activity.jpeg'
Warning: Activity:Definir Objetivos de la Medición: missing resource file './../../TRP/capabilitypatterns/resources/Definir Objetivos de la Medici&oacute;n_E334C512_ActivityDetail.jpeg'
Warning: Activity:Analizar Resultados de la Medición: missing resource file './../../TRP/capabilitypatterns/resources/Analizar Resultados de la Medici&oacute;n_3E5FD1B8_Activity.jpeg'
Warning: Activity:Analizar Resultados de la Medición: missing resource file './../../TRP/capabilitypatterns/resources/Analizar Resultados de la Medici&oacute;n_3E5FD1B8_ActivityDetail.jpeg'
Warning: Activity:Analizar Resultados de la Medición: missing resource file './../../TRP/capabilitypatterns/resources/Analizar Resultados de la Medici&oacute;n_3E5FD1B8_Activity.jpeg'
Warning: Activity:Analizar Resultados de la Medición: missing resource file './../../TRP/capabilitypatterns/resources/Analizar Resultados de la Medici&oacute;n_3E5FD1B8_ActivityDetail.jpeg'
Warning: CapabilityPattern:administracion_de_configuraciones: missing resource file './../../TRP/capabilitypatterns/Generar L&iacute;nea Base Inicial_49E90D71.html'
Warning: CapabilityPattern:administracion_de_configuraciones: missing resource file './../../TRP/capabilitypatterns/Administrar &Iacute;tems de Configuraci&oacute;n_AB50FF9F.html'
Warning: CapabilityPattern:administracion_de_configuraciones: missing resource file './../../TRP/capabilitypatterns/Actualizar L&iacute;nea Base_F93940D4.html'
Warning: CapabilityPattern:administracion_de_configuraciones: missing resource file './../../TRP/capabilitypatterns/Generar L&iacute;nea Base Inicial_49E90D71.html'
Warning: CapabilityPattern:administracion_de_configuraciones: missing resource file './../../TRP/capabilitypatterns/Administrar &Iacute;tems de Configuraci&oacute;n_AB50FF9F.html'
Warning: CapabilityPattern:administracion_de_configuraciones: missing resource file './../../TRP/capabilitypatterns/Actualizar L&iacute;nea Base_F93940D4.html'
Warning: Activity:Generar Línea Base Inicial: missing resource file './../../TRP/capabilitypatterns/resources/Generar L&iacute;nea Base Inicial_49E90D71_Activity.jpeg'
Warning: Activity:Generar Línea Base Inicial: missing resource file './../../TRP/capabilitypatterns/resources/Generar L&iacute;nea Base Inicial_49E90D71_ActivityDetail.jpeg'
Warning: Activity:Generar Línea Base Inicial: missing resource file './../../TRP/capabilitypatterns/resources/Generar L&iacute;nea Base Inicial_49E90D71_Activity.jpeg'
Warning: Activity:Generar Línea Base Inicial: missing resource file './../../TRP/capabilitypatterns/resources/Generar L&iacute;nea Base Inicial_49E90D71_ActivityDetail.jpeg'
Warning: Activity:Administrar Ítems de Configuración: missing resource file './../../TRP/capabilitypatterns/resources/Administrar &Iacute;tems de Configuraci&oacute;n_AB50FF9F_Activity.jpeg'
Warning: Activity:Administrar Ítems de Configuración: missing resource file './../../TRP/capabilitypatterns/resources/Administrar &Iacute;tems de Configuraci&oacute;n_AB50FF9F_ActivityDetail.jpeg'
Warning: Activity:Administrar Ítems de Configuración: missing resource file './../../TRP/capabilitypatterns/resources/Administrar &Iacute;tems de Configuraci&oacute;n_AB50FF9F_Activity.jpeg'
Warning: Activity:Administrar Ítems de Configuración: missing resource file './../../TRP/capabilitypatterns/resources/Administrar &Iacute;tems de Configuraci&oacute;n_AB50FF9F_ActivityDetail.jpeg'
Warning: Activity:Actualizar Línea Base: missing resource file './../../TRP/capabilitypatterns/resources/Actualizar L&iacute;nea Base_F93940D4_Activity.jpeg'
Warning: Activity:Actualizar Línea Base: missing resource file './../../TRP/capabilitypatterns/resources/Actualizar L&iacute;nea Base_F93940D4_ActivityDetail.jpeg'
Warning: Activity:Actualizar Línea Base: missing resource file './../../TRP/capabilitypatterns/resources/Actualizar L&iacute;nea Base_F93940D4_Activity.jpeg'
Warning: Activity:Actualizar Línea Base: missing resource file './../../TRP/capabilitypatterns/resources/Actualizar L&iacute;nea Base_F93940D4_ActivityDetail.jpeg'
Warning: CapabilityPattern:analisis_y_diseno: missing resource file './../../TRP/capabilitypatterns/An&aacute;lisis_7DAEF5B8.html'
Warning: CapabilityPattern:analisis_y_diseno: missing resource file './../../TRP/capabilitypatterns/Dise&ntilde;o_6481B396.html'
Warning: CapabilityPattern:analisis_y_diseno: missing resource file './../../TRP/capabilitypatterns/An&aacute;lisis_7DAEF5B8.html'
Warning: CapabilityPattern:analisis_y_diseno: missing resource file './../../TRP/capabilitypatterns/Dise&ntilde;o_6481B396.html'
Warning: Activity:Análisis: missing resource file './../../TRP/capabilitypatterns/resources/An&aacute;lisis_7DAEF5B8_Activity.jpeg'
Warning: Activity:Análisis: missing resource file './../../TRP/capabilitypatterns/resources/An&aacute;lisis_7DAEF5B8_ActivityDetail.jpeg'
Warning: Activity:Análisis: missing resource file './../../TRP/capabilitypatterns/resources/An&aacute;lisis_7DAEF5B8_Activity.jpeg'
Warning: Activity:Análisis: missing resource file './../../TRP/capabilitypatterns/resources/An&aacute;lisis_7DAEF5B8_ActivityDetail.jpeg'
Warning: Activity:Diseño: missing resource file './../../TRP/capabilitypatterns/resources/Dise&ntilde;o_6481B396_Activity.jpeg'
Warning: Activity:Diseño: missing resource file './../../TRP/capabilitypatterns/resources/Dise&ntilde;o_6481B396_ActivityDetail.jpeg'
Warning: Activity:Diseño: missing resource file './../../TRP/capabilitypatterns/resources/Dise&ntilde;o_6481B396_Activity.jpeg'
Warning: Activity:Diseño: missing resource file './../../TRP/capabilitypatterns/resources/Dise&ntilde;o_6481B396_ActivityDetail.jpeg'
Warning: CapabilityPattern:instalacion: missing resource file './../../TRP/capabilitypatterns/Generar Documentaci&oacute;n_B78285D1.html'
Warning: CapabilityPattern:instalacion: missing resource file './../../TRP/capabilitypatterns/Generar Documentaci&oacute;n_B78285D1.html'
Warning: Activity:Generar Documentación: missing resource file './../../TRP/capabilitypatterns/resources/Generar Documentaci&oacute;n_B78285D1_Activity.jpeg'
Warning: Activity:Generar Documentación: missing resource file './../../TRP/capabilitypatterns/resources/Generar Documentaci&oacute;n_B78285D1_ActivityDetail.jpeg'
Warning: Activity:Generar Documentación: missing resource file './../../TRP/capabilitypatterns/resources/Generar Documentaci&oacute;n_B78285D1_Activity.jpeg'
Warning: Activity:Generar Documentación: missing resource file './../../TRP/capabilitypatterns/resources/Generar Documentaci&oacute;n_B78285D1_ActivityDetail.jpeg'
Warning: CapabilityPattern:entrenamiento_organizacional: missing resource file './../../TRP/capabilitypatterns/Coordinar Actividades para Planificaci&oacute;n_F400A48A.html'
Warning: CapabilityPattern:entrenamiento_organizacional: missing resource file './../../TRP/capabilitypatterns/Coordinar Actividades para Planificaci&oacute;n_F400A48A.html'
Warning: Activity:Coordinar Actividades para Planificación: missing resource file './../../TRP/capabilitypatterns/resources/Coordinar Actividades para Planificaci&oacute;n_F400A48A_Activity.jpeg'
Warning: Activity:Coordinar Actividades para Planificación: missing resource file './../../TRP/capabilitypatterns/resources/Coordinar Actividades para Planificaci&oacute;n_F400A48A_ActivityDetail.jpeg'
Warning: Activity:Coordinar Actividades para Planificación: missing resource file './../../TRP/capabilitypatterns/resources/Coordinar Actividades para Planificaci&oacute;n_F400A48A_Activity.jpeg'
Warning: Activity:Coordinar Actividades para Planificación: missing resource file './../../TRP/capabilitypatterns/resources/Coordinar Actividades para Planificaci&oacute;n_F400A48A_ActivityDetail.jpeg'
Warning: CapabilityPattern:gestion_de_riesgos: missing resource file './../../TRP/capabilitypatterns/Planificar la Administraci&oacute;n de Riesgos_422E15C3.html'
Warning: CapabilityPattern:gestion_de_riesgos: missing resource file './../../TRP/capabilitypatterns/Planificar la Administraci&oacute;n de Riesgos_422E15C3.html'
Warning: Activity:Planificar la Administración de Riesgos: missing resource file './../../TRP/capabilitypatterns/resources/Planificar la Administraci&oacute;n de Riesgos_422E15C3_Activity.jpeg'
Warning: Activity:Planificar la Administración de Riesgos: missing resource file './../../TRP/capabilitypatterns/resources/Planificar la Administraci&oacute;n de Riesgos_422E15C3_ActivityDetail.jpeg'
Warning: Activity:Planificar la Administración de Riesgos: missing resource file './../../TRP/capabilitypatterns/resources/Planificar la Administraci&oacute;n de Riesgos_422E15C3_Activity.jpeg'
Warning: Activity:Planificar la Administración de Riesgos: missing resource file './../../TRP/capabilitypatterns/resources/Planificar la Administraci&oacute;n de Riesgos_422E15C3_ActivityDetail.jpeg'
Warning: TaskDescriptor:realizar_auditorias: missing resource file './../../TRP/capabilitypatterns/Generar L&iacute;nea Base Inicial_49E90D71.html'
Warning: TaskDescriptor:instalar_en_certificacion: missing resource file './../../TRP/capabilitypatterns/Generar Documentaci&oacute;n_B78285D1.html'
Warning: TaskDescriptor:crear_plan_de_entrenamiento: missing resource file './../../TRP/capabilitypatterns/Coordinar Actividades para Planificaci&oacute;n_F400A48A.html'
