Warning: DeliveryProcess:Instalacion: missing resource file './../../identificar_piezas_de_software_para_instalacin/tasks/Planificar instalaci&oacute;n e integraci&oacute;n_2E81CBC0.html'
Warning: DeliveryProcess:Instalacion: missing resource file './../../identificar_piezas_de_software_para_instalacin/tasks/Identificar piezas de software para instalaci&oacute;n_DC0B5132.html'
Warning: DeliveryProcess:Instalacion: missing resource file './../../identificar_piezas_de_software_para_instalacin/tasks/Realizar pruebas de integraci&oacute;n_D028DC90.html'
Warning: DeliveryProcess:Instalacion: missing resource file './../../identificar_piezas_de_software_para_instalacin/tasks/Instalar en certificaci&oacute;n_C04CF230.html'
Warning: DeliveryProcess:Instalacion: missing resource file './../../identificar_piezas_de_software_para_instalacin/tasks/Realizar pruebas de instalaci&oacute;n en certificaci&oacute;n_A42A2B80.html'
Warning: DeliveryProcess:Instalacion: missing resource file './../../identificar_piezas_de_software_para_instalacin/tasks/Realizar paso a producci&oacute;n_B65E2FF.html'
Warning: DeliveryProcess:Instalacion: missing resource file './../../identificar_piezas_de_software_para_instalacin/tasks/Instalar en producci&oacute;n_28782DED.html'
Warning: DeliveryProcess:Instalacion: missing resource file './../../identificar_piezas_de_software_para_instalacin/deliveryprocesses/Generar Documentaci&oacute;n_46E7855B.html'
Warning: DeliveryProcess:Instalacion: missing resource file './../../identificar_piezas_de_software_para_instalacin/tasks/Planificar instalaci&oacute;n e integraci&oacute;n_2E81CBC0.html'
Warning: DeliveryProcess:Instalacion: missing resource file './../../identificar_piezas_de_software_para_instalacin/tasks/Identificar piezas de software para instalaci&oacute;n_DC0B5132.html'
Warning: DeliveryProcess:Instalacion: missing resource file './../../identificar_piezas_de_software_para_instalacin/tasks/Realizar pruebas de integraci&oacute;n_D028DC90.html'
Warning: DeliveryProcess:Instalacion: missing resource file './../../identificar_piezas_de_software_para_instalacin/tasks/Instalar en certificaci&oacute;n_C04CF230.html'
Warning: DeliveryProcess:Instalacion: missing resource file './../../identificar_piezas_de_software_para_instalacin/tasks/Realizar pruebas de instalaci&oacute;n en certificaci&oacute;n_A42A2B80.html'
Warning: DeliveryProcess:Instalacion: missing resource file './../../identificar_piezas_de_software_para_instalacin/tasks/Realizar paso a producci&oacute;n_B65E2FF.html'
Warning: DeliveryProcess:Instalacion: missing resource file './../../identificar_piezas_de_software_para_instalacin/tasks/Instalar en producci&oacute;n_28782DED.html'
Warning: DeliveryProcess:Instalacion: missing resource file './../../identificar_piezas_de_software_para_instalacin/deliveryprocesses/Generar Documentaci&oacute;n_46E7855B.html'
Warning: Task:Planificar instalación e integración: missing resource file './../../identificar_piezas_de_software_para_instalacin/tasks/Planificar instalaci&oacute;n e integraci&oacute;n_2E81CBC0.html'
Warning: Role:Administrador de ambientes: missing resource file './../../identificar_piezas_de_software_para_instalacin/tasks/Instalar en certificaci&oacute;n_C04CF230.html'
Warning: Role:Administrador de ambientes: missing resource file './../../identificar_piezas_de_software_para_instalacin/tasks/Instalar en producci&oacute;n_28782DED.html'
Warning: Role:Administrador de ambientes: missing resource file './../../identificar_piezas_de_software_para_instalacin/tasks/Planificar instalaci&oacute;n e integraci&oacute;n_2E81CBC0.html'
Warning: Role:Arquitecto: missing resource file './../../identificar_piezas_de_software_para_instalacin/tasks/Instalar en certificaci&oacute;n_C04CF230.html'
Warning: Role:Arquitecto: missing resource file './../../identificar_piezas_de_software_para_instalacin/tasks/Planificar instalaci&oacute;n e integraci&oacute;n_2E81CBC0.html'
Warning: Role:Integrador de sistemas: missing resource file './../../identificar_piezas_de_software_para_instalacin/tasks/Identificar piezas de software para instalaci&oacute;n_DC0B5132.html'
Warning: Role:Integrador de sistemas: missing resource file './../../identificar_piezas_de_software_para_instalacin/tasks/Planificar instalaci&oacute;n e integraci&oacute;n_2E81CBC0.html'
Warning: Artifact:Especificación de ambientes: missing resource file './../../identificar_piezas_de_software_para_instalacin/tasks/Planificar instalaci&oacute;n e integraci&oacute;n_2E81CBC0.html'
Warning: Artifact:Especificación de ambientes: missing resource file './../../identificar_piezas_de_software_para_instalacin/workproducts/Especificaci&oacute;n de ambientes_CB140BE1.html'
Warning: Artifact:Modelo de diseño: missing resource file './../../identificar_piezas_de_software_para_instalacin/tasks/Planificar instalaci&oacute;n e integraci&oacute;n_2E81CBC0.html'
Warning: Artifact:Modelo de diseño: missing resource file './../../identificar_piezas_de_software_para_instalacin/workproducts/Modelo de dise&ntilde;o_FAE740A4.html'
Warning: Artifact:Plan de administración de configuraciones: missing resource file './../../identificar_piezas_de_software_para_instalacin/tasks/Planificar instalaci&oacute;n e integraci&oacute;n_2E81CBC0.html'
Warning: Artifact:Plan de administración de configuraciones: missing resource file './../../identificar_piezas_de_software_para_instalacin/workproducts/Plan de administraci&oacute;n de configuraciones_97B91769.html'
Warning: Artifact:Plan de proyecto: missing resource file './../../identificar_piezas_de_software_para_instalacin/tasks/Planificar instalaci&oacute;n e integraci&oacute;n_2E81CBC0.html'
Warning: Artifact:Carta Gantt de proyecto (Actualización): missing resource file './../../identificar_piezas_de_software_para_instalacin/tasks/Planificar instalaci&oacute;n e integraci&oacute;n_2E81CBC0.html'
Warning: Artifact:Carta Gantt de proyecto (Actualización): missing resource file './../../identificar_piezas_de_software_para_instalacin/workproducts/Carta Gantt de proyecto Actualizaci&oacute;n_848E5855.html'
Warning: Artifact:Plan de proyecto (Actualización): missing resource file './../../identificar_piezas_de_software_para_instalacin/tasks/Planificar instalaci&oacute;n e integraci&oacute;n_2E81CBC0.html'
Warning: Artifact:Plan de proyecto (Actualización): missing resource file './../../identificar_piezas_de_software_para_instalacin/workproducts/Plan de proyecto Actualizaci&oacute;n_5F0F5536.html'
Warning: Task:Identificar piezas de software para instalación: missing resource file './../../identificar_piezas_de_software_para_instalacin/tasks/Identificar piezas de software para instalaci&oacute;n_DC0B5132.html'
Warning: Artifact:Planilla de administración de requerimientos: missing resource file './../../identificar_piezas_de_software_para_instalacin/tasks/Identificar piezas de software para instalaci&oacute;n_DC0B5132.html'
Warning: Artifact:Planilla de administración de requerimientos: missing resource file './../../identificar_piezas_de_software_para_instalacin/workproducts/Planilla de administraci&oacute;n de requerimientos_97DFF132.html'
Warning: Task:Realizar pruebas de integración: missing resource file './../../identificar_piezas_de_software_para_instalacin/tasks/Realizar pruebas de integraci&oacute;n_D028DC90.html'
Warning: Role:Testeador: missing resource file './../../identificar_piezas_de_software_para_instalacin/tasks/Realizar pruebas de instalaci&oacute;n en certificaci&oacute;n_A42A2B80.html'
Warning: Role:Testeador: missing resource file './../../identificar_piezas_de_software_para_instalacin/tasks/Realizar pruebas de integraci&oacute;n_D028DC90.html'
Warning: Artifact:Plan de pruebas: missing resource file './../../identificar_piezas_de_software_para_instalacin/tasks/Realizar pruebas de integraci&oacute;n_D028DC90.html'
Warning: Artifact:Planilla de casos de prueba: missing resource file './../../identificar_piezas_de_software_para_instalacin/tasks/Realizar pruebas de integraci&oacute;n_D028DC90.html'
Warning: Artifact:Sumario de la evaluación de pruebas: missing resource file './../../identificar_piezas_de_software_para_instalacin/tasks/Realizar pruebas de instalaci&oacute;n en certificaci&oacute;n_A42A2B80.html'
Warning: Artifact:Sumario de la evaluación de pruebas: missing resource file './../../identificar_piezas_de_software_para_instalacin/tasks/Realizar pruebas de integraci&oacute;n_D028DC90.html'
Warning: Artifact:Sumario de la evaluación de pruebas: missing resource file './../../identificar_piezas_de_software_para_instalacin/workproducts/Sumario de la evaluaci&oacute;n de pruebas_E8886812.html'
Warning: Task:Instalar en certificación: missing resource file './../../identificar_piezas_de_software_para_instalacin/tasks/Instalar en certificaci&oacute;n_C04CF230.html'
Warning: Role:Cliente: missing resource file './../../identificar_piezas_de_software_para_instalacin/tasks/Instalar en certificaci&oacute;n_C04CF230.html'
Warning: Role:Cliente: missing resource file './../../identificar_piezas_de_software_para_instalacin/tasks/Instalar en producci&oacute;n_28782DED.html'
Warning: Role:Cliente: missing resource file './../../identificar_piezas_de_software_para_instalacin/tasks/Realizar paso a producci&oacute;n_B65E2FF.html'
Warning: Role:Cliente: missing resource file './../../identificar_piezas_de_software_para_instalacin/tasks/Realizar pruebas de instalaci&oacute;n en certificaci&oacute;n_A42A2B80.html'
Warning: Task:Realizar pruebas de instalación en certificación: missing resource file './../../identificar_piezas_de_software_para_instalacin/tasks/Realizar pruebas de instalaci&oacute;n en certificaci&oacute;n_A42A2B80.html'
Warning: Task:Realizar paso a producción: missing resource file './../../identificar_piezas_de_software_para_instalacin/tasks/Realizar paso a producci&oacute;n_B65E2FF.html'
Warning: Task:Instalar en producción: missing resource file './../../identificar_piezas_de_software_para_instalacin/tasks/Instalar en producci&oacute;n_28782DED.html'
Warning: Artifact:Manual de instalación: missing resource file './../../identificar_piezas_de_software_para_instalacin/tasks/Instalar en producci&oacute;n_28782DED.html'
Warning: Artifact:Manual de instalación: missing resource file './../../identificar_piezas_de_software_para_instalacin/tasks/Elaborar manual de instalaci&oacute;n_724F2D41.html'
Warning: Artifact:Manual de instalación: missing resource file './../../identificar_piezas_de_software_para_instalacin/workproducts/Manual de instalaci&oacute;n_E4F14EBE.html'
Warning: Artifact:Manual de instalación: missing resource file './../../identificar_piezas_de_software_para_instalacin/deliveryprocesses/Generar Documentaci&oacute;n_46E7855B.html'
Warning: Activity:Generar Documentación: missing resource file './../../identificar_piezas_de_software_para_instalacin/deliveryprocesses/resources/Generar Documentaci&oacute;n_46E7855B_Activity.jpeg'
Warning: Activity:Generar Documentación: missing resource file './../../identificar_piezas_de_software_para_instalacin/tasks/Elaborar manual de instalaci&oacute;n_724F2D41.html'
Warning: Activity:Generar Documentación: missing resource file './../../identificar_piezas_de_software_para_instalacin/deliveryprocesses/resources/Generar Documentaci&oacute;n_46E7855B_Activity.jpeg'
Warning: Activity:Generar Documentación: missing resource file './../../identificar_piezas_de_software_para_instalacin/tasks/Elaborar manual de instalaci&oacute;n_724F2D41.html'
Warning: Task:Elaborar manual de instalación: missing resource file './../../identificar_piezas_de_software_para_instalacin/deliveryprocesses/Generar Documentaci&oacute;n_46E7855B.html'
Warning: Task:Elaborar manual de instalación: missing resource file './../../identificar_piezas_de_software_para_instalacin/tasks/Elaborar manual de instalaci&oacute;n_724F2D41.html'
Warning: Role:Documentador: missing resource file './../../identificar_piezas_de_software_para_instalacin/tasks/Elaborar manual de instalaci&oacute;n_724F2D41.html'
Warning: Role:Documentador: missing resource file './../../identificar_piezas_de_software_para_instalacin/deliveryprocesses/Generar Documentaci&oacute;n_46E7855B.html'
Warning: Task:Elaborar documentos adicionales: missing resource file './../../identificar_piezas_de_software_para_instalacin/deliveryprocesses/Generar Documentaci&oacute;n_46E7855B.html'
