Info: CustomCategory:trp_basico: 32 mini seconds publishing element
Info: CustomCategory:gestion_de_proyectos: 31 mini seconds publishing element
Info: CapabilityPattern:administracion_de_requerimientos: 812 mini seconds publishing element
Info: CapabilityPattern:administracion_de_requerimientos: 1969 mini seconds publishing process specific layout data
Info: Activity:comprender_requerimientos: 891 mini seconds publishing element
Info: Activity:comprometer_requerimientos: 719 mini seconds publishing element
Info: Activity:seguir_requerimientos: 609 mini seconds publishing element
Info: : 1750 mini-second(s) publishing element Activity:administrar_cambios[TRP\capabilitypatterns\administrar_cambios_7A85F664.html]
Info: Activity:administrar_cambios: 1750 mini seconds publishing element
Info: CapabilityPattern:planificacion_del_proyecto: 828 mini seconds publishing element
Info: CapabilityPattern:planificacion_del_proyecto: 2813 mini seconds publishing process specific layout data
Info: : 2031 mini-second(s) publishing element Activity:preparar_la_propuesta[TRP\capabilitypatterns\preparar_la_propuesta_E0136784.html]
Info: Activity:preparar_la_propuesta: 2031 mini seconds publishing element
Info: : 1781 mini-second(s) publishing element Activity:Planificar el Proyecto[TRP\capabilitypatterns\Planificar el Proyecto_B42285D3.html]
Info: Activity:Planificar el Proyecto: 1781 mini seconds publishing element
Info: Activity:Planificar la Siguiente Iteración: 391 mini seconds publishing element
Info: CapabilityPattern:monitoreo_y_control_del_proyecto: 703 mini seconds publishing element
Info: CapabilityPattern:monitoreo_y_control_del_proyecto: 2797 mini seconds publishing process specific layout data
Info: : 2687 mini-second(s) publishing element Activity:Monitorear y Controlar el Proyecto[TRP\capabilitypatterns\Monitorear y Controlar el Proyecto_7749B7E4.html]
Info: Activity:Monitorear y Controlar el Proyecto: 2687 mini seconds publishing element
Info: : 1547 mini-second(s) publishing element Activity:Cerrar el Proyecto[TRP\capabilitypatterns\Cerrar el Proyecto_1290587B.html]
Info: Activity:Cerrar el Proyecto: 1547 mini seconds publishing element
Info: : 1078 mini-second(s) publishing element CapabilityPattern:administracion_de_acuerdos_con_proveedores[TRP\capabilitypatterns\administracion_de_acuerdos_con_proveedores_F4D50857.html]
Info: CapabilityPattern:administracion_de_acuerdos_con_proveedores: 1078 mini seconds publishing element
Info: CapabilityPattern:administracion_de_acuerdos_con_proveedores: 1110 mini seconds publishing process specific layout data
Info: : 1078 mini-second(s) publishing element Activity:Seleccionar Proveedor[TRP\capabilitypatterns\Seleccionar Proveedor_B35E3ED6.html]
Info: Activity:Seleccionar Proveedor: 1078 mini seconds publishing element
Info: CapabilityPattern:medicion_y_analisis: 547 mini seconds publishing element
Info: CapabilityPattern:medicion_y_analisis: 1406 mini seconds publishing process specific layout data
Info: Activity:Definir Objetivos de la Medición: 734 mini seconds publishing element
Info: Activity:Analizar Resultados de la Medición: 906 mini seconds publishing element
Info: CapabilityPattern:aseguramiento_de_calidad_de_procesos_y_productos: 813 mini seconds publishing element
Info: CapabilityPattern:aseguramiento_de_calidad_de_procesos_y_productos: 422 mini seconds publishing process specific layout data
Info: CapabilityPattern:administracion_de_configuraciones: 734 mini seconds publishing element
Info: CapabilityPattern:administracion_de_configuraciones: 1828 mini seconds publishing process specific layout data
Info: Activity:Generar Línea Base Inicial: 547 mini seconds publishing element
Info: Activity:Administrar Ítems de Configuración: 640 mini seconds publishing element
Info: Activity:Actualizar Línea Base: 454 mini seconds publishing element
Info: Activity:Seguir y Controlar Cambios: 812 mini seconds publishing element
Info: CustomCategory:trp_avanzado: 31 mini seconds publishing element
Info: CustomCategory:desarrollo_y_mantencion_de_software: 32 mini seconds publishing element
Info: CapabilityPattern:analisis_y_diseno: 625 mini seconds publishing element
Info: CapabilityPattern:analisis_y_diseno: 1218 mini seconds publishing process specific layout data
Info: : 1735 mini-second(s) publishing element Activity:Estimar Esfuerzo[TRP\capabilitypatterns\Estimar Esfuerzo_431B145D.html]
Info: Activity:Estimar Esfuerzo: 1735 mini seconds publishing element
Info: Activity:Análisis: 562 mini seconds publishing element
Info: Activity:Diseño: 672 mini seconds publishing element
Info: : 1406 mini-second(s) publishing element CapabilityPattern:instalacion[TRP\capabilitypatterns\instalacion_A30F814F.html]
Info: CapabilityPattern:instalacion: 1406 mini seconds publishing element
Info: CapabilityPattern:instalacion: 1063 mini seconds publishing process specific layout data
Info: Activity:Preparar Ambiente: 594 mini seconds publishing element
Info: Activity:Generar Documentación: 375 mini seconds publishing element
Info: CapabilityPattern:programacion: 1000 mini seconds publishing element
Info: CapabilityPattern:programacion: 375 mini seconds publishing process specific layout data
Info: Activity:Implementar Interfaces y Comunicaciones: 437 mini seconds publishing element
Info: Activity:Implementar Componentes y Programas: 469 mini seconds publishing element
Info: Activity:Implementar Base de Datos: 469 mini seconds publishing element
Info: CapabilityPattern:pruebas: 593 mini seconds publishing element
Info: CapabilityPattern:pruebas: 797 mini seconds publishing process specific layout data
Info: Activity:Desarrollar el  Plan de Pruebas: 813 mini seconds publishing element
Info: Activity:Ejecutar Pruebas: 687 mini seconds publishing element
Info: CustomCategory:gestion_de_procesos: 31 mini seconds publishing element
Info: CapabilityPattern:definicion_de_procesos_organizacionales: 594 mini seconds publishing element
Info: CapabilityPattern:definicion_de_procesos_organizacionales: 219 mini seconds publishing process specific layout data
Info: CapabilityPattern:entrenamiento_organizacional: 593 mini seconds publishing element
Info: CapabilityPattern:entrenamiento_organizacional: 688 mini seconds publishing process specific layout data
Info: Activity:Coordinar Actividades para Planificación: 640 mini seconds publishing element
Info: : 1282 mini-second(s) publishing element Activity:Realizar Entrenamiento[TRP\capabilitypatterns\Realizar Entrenamiento_3CA641E6.html]
Info: Activity:Realizar Entrenamiento: 1282 mini seconds publishing element
Info: CapabilityPattern:mejoramiento_de_procesos_organizacionales: 609 mini seconds publishing element
Info: CapabilityPattern:mejoramiento_de_procesos_organizacionales: 359 mini seconds publishing process specific layout data
Info: Activity:Ejecutar Plan de Mejoramiento de Procesos: 484 mini seconds publishing element
Info: CustomCategory:gestion_avanzada_de_proyectos: 32 mini seconds publishing element
Info: CapabilityPattern:administracion_integrada_del_proyecto: 547 mini seconds publishing element
Info: CapabilityPattern:administracion_integrada_del_proyecto: 484 mini seconds publishing process specific layout data
Info: Activity:Ajustar el Proceso: 641 mini seconds publishing element
Info: Activity:Integrar a los Involucrados: 484 mini seconds publishing element
Info: CapabilityPattern:evaluacion_formal_de_decisiones: 687 mini seconds publishing element
Info: CapabilityPattern:evaluacion_formal_de_decisiones: 235 mini seconds publishing process specific layout data
Info: CapabilityPattern:gestion_de_riesgos: 547 mini seconds publishing element
Info: CapabilityPattern:gestion_de_riesgos: 718 mini seconds publishing process specific layout data
Info: : 1282 mini-second(s) publishing element Activity:Planificar la Administración de Riesgos[TRP\capabilitypatterns\Planificar la Administración de Riesgos_422E15C3.html]
Info: Activity:Planificar la Administración de Riesgos: 1282 mini seconds publishing element
Info: Activity:Identificar y Analizar Riesgos: 547 mini seconds publishing element
Info: Activity:Seguir los Riesgos: 593 mini seconds publishing element
Info: TaskDescriptor:identificar_contraparte: 47 mini seconds publishing element
Info: RoleDescriptor:gerente_de_proyectos: 47 mini seconds publishing element
Info: RoleDescriptor:jefe_de_proyecto: 63 mini seconds publishing element
Info: WorkProductDescriptor:asignacion_de_roles: 31 mini seconds publishing element
Info: WorkProductDescriptor:plan_de_proyecto: 47 mini seconds publishing element
Info: TaskDescriptor:revisar_requerimientos: 47 mini seconds publishing element
Info: WorkProductDescriptor:analisis_preliminar: 47 mini seconds publishing element
Info: WorkProductDescriptor:especificacion_de_requerimientos_de_software: 47 mini seconds publishing element
Info: WorkProductDescriptor:modelo_de_casos_de_uso: 46 mini seconds publishing element
Info: WorkProductDescriptor:plan_de_revisiones: 32 mini seconds publishing element
Info: WorkProductDescriptor:planilla_de_administracion_de_requerimientos: 47 mini seconds publishing element
Info: TaskDescriptor:asegurar_entendimiento_comun_de_requerimientos: 62 mini seconds publishing element
Info: RoleDescriptor:equipo_de_proyecto: 31 mini seconds publishing element
Info: TaskDescriptor:evaluar_impacto_y_factibilidad: 63 mini seconds publishing element
Info: RoleDescriptor:area_comercial: 47 mini seconds publishing element
Info: RoleDescriptor:equipo_de_proyecto: 47 mini seconds publishing element
Info: RoleDescriptor:jefe_de_proyecto: 46 mini seconds publishing element
Info: WorkProductDescriptor:analisis_preliminar: 32 mini seconds publishing element
Info: WorkProductDescriptor:orden_de_servicio: 47 mini seconds publishing element
Info: WorkProductDescriptor:planilla_de_tiempo_ esfuerzo_y_costo: 46 mini seconds publishing element
Info: TaskDescriptor:negociar_y_registrar_compromisos: 47 mini seconds publishing element
Info: WorkProductDescriptor:planilla_de_administracion_de_requerimientos: 47 mini seconds publishing element
Info: TaskDescriptor:revisar_consistencia_de_requerimientos: 47 mini seconds publishing element
Info: RoleDescriptor:jefe_de_proyecto: 47 mini seconds publishing element
Info: WorkProductDescriptor:carta_gantt_de_proyecto: 47 mini seconds publishing element
Info: WorkProductDescriptor:plan_de_proyecto: 47 mini seconds publishing element
Info: WorkProductDescriptor:plan_de_revisiones: 47 mini seconds publishing element
Info: WorkProductDescriptor:planilla_de_administracion_de_requerimientos: 46 mini seconds publishing element
Info: TaskDescriptor:analizar_inconsistencia_de_requerimientos: 47 mini seconds publishing element
Info: TaskDescriptor:identificar_cambios_en_planes: 47 mini seconds publishing element
Info: TaskDescriptor:iniciar_acciones_correctivas: 47 mini seconds publishing element
Info: TaskDescriptor:recepcionar_cambio_de_requerimiento: 63 mini seconds publishing element
Info: RoleDescriptor:cliente: 46 mini seconds publishing element
Info: RoleDescriptor:jefe_de_proyecto: 63 mini seconds publishing element
Info: WorkProductDescriptor:minuta_de_reunion: 31 mini seconds publishing element
Info: WorkProductDescriptor:solicitud_de_requerimientos: 78 mini seconds publishing element
Info: TaskDescriptor:analizar_cambios: 47 mini seconds publishing element
Info: RoleDescriptor:analista: 47 mini seconds publishing element
Info: WorkProductDescriptor:planilla_de_administracion_de_requerimientos: 47 mini seconds publishing element
Info: TaskDescriptor:estimar_cambios: 62 mini seconds publishing element
Info: RoleDescriptor:area_comercial: 31 mini seconds publishing element
Info: WorkProductDescriptor:planilla_de_tiempo_ esfuerzo_y_costo: 47 mini seconds publishing element
Info: WorkProductDescriptor:orden_de_servicio: 47 mini seconds publishing element
Info: TaskDescriptor:aprobar_cambios1: 47 mini seconds publishing element
Info: RoleDescriptor:gerente_de_proyectos: 31 mini seconds publishing element
Info: TaskDescriptor:aprobar_cambios2: 47 mini seconds publishing element
Info: TaskDescriptor:aprobar_ordenes_de_servicio_adicionales: 62 mini seconds publishing element
Info: TaskDescriptor:actualizar_linea_base_de_requerimientos: 47 mini seconds publishing element
Info: TaskDescriptor:actualizar_planes_y_otros_artefactos: 47 mini seconds publishing element
Info: WorkProductDescriptor:plan_de_proyecto: 47 mini seconds publishing element
Info: TaskDescriptor:generar_estructura_de_directorio_del_proyecto: 47 mini seconds publishing element
Info: RoleDescriptor:gerente_de_proyectos: 78 mini seconds publishing element
Info: WorkProductDescriptor:plantilla_de_estructura_de_proyecto: 31 mini seconds publishing element
Info: WorkProductDescriptor:plan_de_proyecto: 47 mini seconds publishing element
Info: TaskDescriptor:generar_lista_de_riesgos_preliminar: 47 mini seconds publishing element
Info: RoleDescriptor:grupo_de_ingenieria_de_software: 62 mini seconds publishing element
Info: WorkProductDescriptor:solicitud_de_cotizacion: 32 mini seconds publishing element
Info: WorkProductDescriptor:lista_de_riesgos: 62 mini seconds publishing element
Info: TaskDescriptor:desarrollar_planilla_de_tiempo_esfuerzo_y_costo: 47 mini seconds publishing element
Info: RoleDescriptor:area_comercial: 47 mini seconds publishing element
Info: WorkProductDescriptor:analisis_preliminar: 31 mini seconds publishing element
Info: WorkProductDescriptor:especificacion_de_ambientes: 31 mini seconds publishing element
Info: WorkProductDescriptor:planilla_de_tiempo_ esfuerzo_y_costo: 47 mini seconds publishing element
Info: TaskDescriptor:generar_asignacion_de_roles_preliminar: 62 mini seconds publishing element
Info: WorkProductDescriptor:asignacion_de_roles: 47 mini seconds publishing element
Info: WorkProductDescriptor:lista_de_necesidades_de_entrenamiento: 31 mini seconds publishing element
Info: TaskDescriptor:generar_carta_gantt_preliminar: 47 mini seconds publishing element
Info: WorkProductDescriptor:carta_gantt_de_proyecto: 47 mini seconds publishing element
Info: TaskDescriptor:generar_configuracion_del_proceso: 47 mini seconds publishing element
Info: WorkProductDescriptor:planilla_de_configuracion_de_proceso: 47 mini seconds publishing element
Info: TaskDescriptor:generar_propuesta: 46 mini seconds publishing element
Info: RoleDescriptor:administracion_y_finanzas: 47 mini seconds publishing element
Info: WorkProductDescriptor:propuesta: 78 mini seconds publishing element
Info: TaskDescriptor:revisar_propuesta: 47 mini seconds publishing element
Info: WorkProductDescriptor:plan_de_revisiones: 47 mini seconds publishing element
Info: TaskDescriptor:generar_plan_de_proyecto: 47 mini seconds publishing element
Info: RoleDescriptor:jefe_de_proyecto: 63 mini seconds publishing element
Info: WorkProductDescriptor:asignacion_de_roles: 62 mini seconds publishing element
Info: WorkProductDescriptor:carta_gantt_de_proyecto: 63 mini seconds publishing element
Info: WorkProductDescriptor:lista_de_riesgos: 46 mini seconds publishing element
Info: WorkProductDescriptor:planilla_de_configuracion_de_proceso: 47 mini seconds publishing element
Info: WorkProductDescriptor:propuesta: 32 mini seconds publishing element
Info: WorkProductDescriptor:plan_de_proyecto: 46 mini seconds publishing element
Info: TaskDescriptor:actualizar_asignacion_de_roles: 63 mini seconds publishing element
Info: RoleDescriptor:gerente_de_proyectos: 47 mini seconds publishing element
Info: TaskDescriptor:desarrollar_gantt_con_actividades_plazos_y_recursos: 62 mini seconds publishing element
Info: RoleDescriptor:grupo_de_ingenieria_de_sistemas: 32 mini seconds publishing element
Info: RoleDescriptor:grupo_de_ingenieria_de_software: 46 mini seconds publishing element
Info: WorkProductDescriptor:analisis_preliminar: 47 mini seconds publishing element
Info: WorkProductDescriptor:planilla_de_tiempo_ esfuerzo_y_costo: 47 mini seconds publishing element
Info: WorkProductDescriptor:carta_gantt_de_iteracion: 47 mini seconds publishing element
Info: TaskDescriptor:actualizar_riesgos: 47 mini seconds publishing element
Info: TaskDescriptor:revisar_plan_de_proyecto: 62 mini seconds publishing element
Info: TaskDescriptor:generar_documento_de_lanzamiento_del_proyecto: 47 mini seconds publishing element
Info: WorkProductDescriptor:analisis_de_entrevistas_a_involucrados: 47 mini seconds publishing element
Info: WorkProductDescriptor:presentacion_de_lanzamiento_de_proyecto: 31 mini seconds publishing element
Info: TaskDescriptor:reunion_de_lanzamiento_del_proyecto: 47 mini seconds publishing element
Info: RoleDescriptor:equipo_de_proyecto: 47 mini seconds publishing element
Info: RoleDescriptor:stakeholder: 31 mini seconds publishing element
Info: WorkProductDescriptor:minuta_de_reunion: 78 mini seconds publishing element
Info: TaskDescriptor:generar_carta_gantt_de_la_siguiente_iteracion: 63 mini seconds publishing element
Info: RoleDescriptor:jefe_de_proyecto: 31 mini seconds publishing element
Info: WorkProductDescriptor:plan_de_proyecto: 47 mini seconds publishing element
Info: WorkProductDescriptor:carta_gantt_de_iteracion: 47 mini seconds publishing element
Info: TaskDescriptor:hacer_seguimento_de_actividades_planificadas: 47 mini seconds publishing element
Info: RoleDescriptor:equipo_de_proyecto: 46 mini seconds publishing element
Info: RoleDescriptor:jefe_de_proyecto: 79 mini seconds publishing element
Info: WorkProductDescriptor:carta_gantt_de_iteracion: 46 mini seconds publishing element
Info: WorkProductDescriptor:carta_gantt_de_proyecto: 47 mini seconds publishing element
Info: WorkProductDescriptor:plan_de_proyecto: 47 mini seconds publishing element
Info: WorkProductDescriptor:planilla_de_registro_de_horas: 47 mini seconds publishing element
Info: TaskDescriptor:revisar_reportes_de_aseguramiento_de_calidad_de_producto_y_proceso: 47 mini seconds publishing element
Info: WorkProductDescriptor:plan_de_aseguramiento_de_calidad_de_procesos_y_productos: 47 mini seconds publishing element
Info: WorkProductDescriptor:planilla_de_verificacion_del_proceso: 47 mini seconds publishing element
Info: TaskDescriptor:hacer_seguimiento_de_riesgos_del_proyecto: 47 mini seconds publishing element
Info: WorkProductDescriptor:lista_de_riesgos: 46 mini seconds publishing element
Info: TaskDescriptor:hacer_reunion_de_seguimiento: 47 mini seconds publishing element
Info: RoleDescriptor:cliente: 47 mini seconds publishing element
Info: WorkProductDescriptor:minuta_de_reunion: 31 mini seconds publishing element
Info: TaskDescriptor:evaluar_estado: 47 mini seconds publishing element
Info: RoleDescriptor:gerente_de_proyectos: 46 mini seconds publishing element
Info: RoleDescriptor:stakeholder: 47 mini seconds publishing element
Info: WorkProductDescriptor:asignacion_de_roles: 47 mini seconds publishing element
Info: WorkProductDescriptor:planilla_de_administracion_de_requerimientos: 47 mini seconds publishing element
Info: WorkProductDescriptor:planilla_de_evaluacion_de_estado: 31 mini seconds publishing element
Info: WorkProductDescriptor:presentacion_de_estado_de_avance: 63 mini seconds publishing element
Info: TaskDescriptor:actualizar_trazabilidad: 47 mini seconds publishing element
Info: RoleDescriptor:grupo_de_ingenieria_de_sistemas: 31 mini seconds publishing element
Info: RoleDescriptor:grupo_de_ingenieria_de_software: 47 mini seconds publishing element
Info: TaskDescriptor:comunicar_cambios_a_los_afectados: 47 mini seconds publishing element
Info: TaskDescriptor:resolver_temas_pendientes_de_aseguramiento_de_calidad_de_proceso_y_producto: 62 mini seconds publishing element
Info: RoleDescriptor:equipo_de_proyecto: 47 mini seconds publishing element
Info: RoleDescriptor:gerente_de_proyectos: 47 mini seconds publishing element
Info: RoleDescriptor:jefe_de_proyecto: 47 mini seconds publishing element
Info: WorkProductDescriptor:planilla_de_verificacion_del_proceso: 47 mini seconds publishing element
Info: TaskDescriptor:recolectar_metricas_del_proyecto: 47 mini seconds publishing element
Info: WorkProductDescriptor:planilla_de_registro_de_horas: 31 mini seconds publishing element
Info: WorkProductDescriptor:planilla_de_evaluacion_de_estado: 47 mini seconds publishing element
Info: TaskDescriptor:generar_y_enviar_acta_de_entrega: 47 mini seconds publishing element
Info: WorkProductDescriptor:acta_de_entrega: 46 mini seconds publishing element
Info: TaskDescriptor:realizar_cierre_del_proyecto: 47 mini seconds publishing element
Info: RoleDescriptor:cliente: 47 mini seconds publishing element
Info: RoleDescriptor:stakeholder: 47 mini seconds publishing element
Info: RoleDescriptor:proveedor: 47 mini seconds publishing element
Info: WorkProductDescriptor:plan_de_proyecto: 31 mini seconds publishing element
Info: WorkProductDescriptor:presentacion_de_cierre_de_proyecto: 47 mini seconds publishing element
Info: TaskDescriptor:determinar_producto_y_o_servicio_a_adquirir: 47 mini seconds publishing element
Info: RoleDescriptor:jefe_de_proyecto: 62 mini seconds publishing element
Info: WorkProductDescriptor:especificacion_de_requerimientos_de_software: 32 mini seconds publishing element
Info: WorkProductDescriptor:plan_de_proyecto: 62 mini seconds publishing element
Info: WorkProductDescriptor:solicitud_de_cotizacion: 47 mini seconds publishing element
Info: TaskDescriptor:determinar_criterio_de_evaluacion_de_proveedores: 47 mini seconds publishing element
Info: RoleDescriptor:administracion_y_finanzas: 47 mini seconds publishing element
Info: RoleDescriptor:area_comercial: 47 mini seconds publishing element
Info: WorkProductDescriptor:plan_de_proyecto: 47 mini seconds publishing element
Info: WorkProductDescriptor:documento_de_evaluacion_producto_proveedor: 63 mini seconds publishing element
Info: TaskDescriptor:buscar_proveedores_candidatos: 47 mini seconds publishing element
Info: WorkProductDescriptor:lista_de_proveedores_preferenciales: 31 mini seconds publishing element
Info: WorkProductDescriptor:lista_de_proveedores: 47 mini seconds publishing element
Info: TaskDescriptor:enviar_las_especificaciones_del_producto_y_o_servicio_a_los_proveedores: 62 mini seconds publishing element
Info: RoleDescriptor:gerente_de_proyectos: 47 mini seconds publishing element
Info: WorkProductDescriptor:especificacion_de_requerimientos_de_software: 32 mini seconds publishing element
Info: TaskDescriptor:recepcionar_propuestas: 46 mini seconds publishing element
Info: WorkProductDescriptor:lista_de_propuestas: 47 mini seconds publishing element
Info: TaskDescriptor:evaluar_propuestas_de_acuerdo_a_los_criterios_establecidos: 47 mini seconds publishing element
Info: TaskDescriptor:seleccionar_y_notificar_al_proveedor: 47 mini seconds publishing element
Info: TaskDescriptor:negociar_condiciones_finales_y_formalizar_el_acuerdo: 47 mini seconds publishing element
Info: TaskDescriptor:ejecutar_acuerdo: 47 mini seconds publishing element
Info: RoleDescriptor:proveedor: 32 mini seconds publishing element
Info: TaskDescriptor:evaluar_producto_y_o_servicio: 47 mini seconds publishing element
Info: TaskDescriptor:aceptar_producto_y_o_servicio: 47 mini seconds publishing element
Info: RoleDescriptor:gerente_de_proyectos: 31 mini seconds publishing element
Info: TaskDescriptor:implantar_producto_y_o_servicio: 47 mini seconds publishing element
Info: WorkProductDescriptor:especificacion_de_ambientes: 47 mini seconds publishing element
Info: WorkProductDescriptor:manual_de_instalacion: 47 mini seconds publishing element
Info: TaskDescriptor:evaluar_al_proveedor: 47 mini seconds publishing element
Info: WorkProductDescriptor:documento_de_evaluacion_de_proveedor: 47 mini seconds publishing element
Info: TaskDescriptor:establecer_objetivos_de_la_medicion: 47 mini seconds publishing element
Info: RoleDescriptor:gerente_de_proyectos: 31 mini seconds publishing element
Info: RoleDescriptor:grupo_de_ingenieria_de_procesos: 47 mini seconds publishing element
Info: RoleDescriptor:jefe_de_proyecto: 32 mini seconds publishing element
Info: WorkProductDescriptor:plan_de_proyecto: 62 mini seconds publishing element
Info: TaskDescriptor:especificar_metricas: 47 mini seconds publishing element
Info: TaskDescriptor:especificar_procedimientos_de_recoleccion_y_almacenamiento_de_datos: 47 mini seconds publishing element
Info: TaskDescriptor:especificar_procedimientos_de_analisis: 47 mini seconds publishing element
Info: TaskDescriptor:informar_metricas_definidas_a_involucrados: 47 mini seconds publishing element
Info: TaskDescriptor:recolectar_datos_de_las_mediciones: 62 mini seconds publishing element
Info: RoleDescriptor:analista_de_calidad: 31 mini seconds publishing element
Info: RoleDescriptor:equipo_de_proyecto: 47 mini seconds publishing element
Info: RoleDescriptor:grupo_de_ingenieria_de_procesos: 63 mini seconds publishing element
Info: WorkProductDescriptor:planilla_de_administracion_de_requerimientos: 47 mini seconds publishing element
Info: WorkProductDescriptor:planilla_de_evaluacion_de_estado: 46 mini seconds publishing element
Info: WorkProductDescriptor:planilla_de_registro_de_horas: 47 mini seconds publishing element
Info: WorkProductDescriptor:planilla_de_verificacion_del_proceso: 32 mini seconds publishing element
Info: TaskDescriptor:analizar_los_datos_recolectados: 62 mini seconds publishing element
Info: RoleDescriptor:gerente_de_proyectos: 31 mini seconds publishing element
Info: WorkProductDescriptor:plan_de_proyecto: 47 mini seconds publishing element
Info: TaskDescriptor:almacenar_datos_recolectados: 47 mini seconds publishing element
Info: TaskDescriptor:comunicar_los_resultados: 47 mini seconds publishing element
Info: TaskDescriptor:desarrollar_plan_de_aseguramiento_de_calidad: 47 mini seconds publishing element
Info: RoleDescriptor:analista_de_calidad: 47 mini seconds publishing element
Info: WorkProductDescriptor:plan_de_proyecto: 47 mini seconds publishing element
Info: WorkProductDescriptor:plan_de_aseguramiento_de_calidad_de_procesos_y_productos: 46 mini seconds publishing element
Info: WorkProductDescriptor:planilla_de_verificacion_del_proceso: 47 mini seconds publishing element
Info: TaskDescriptor:revisar_procesos_y_productos: 78 mini seconds publishing element
Info: WorkProductDescriptor:planilla_de_configuracion_de_proceso: 32 mini seconds publishing element
Info: TaskDescriptor:seguir_no_cumplimientos_previos: 47 mini seconds publishing element
Info: TaskDescriptor:monitorear_el_plan_de_aseguramiento_de_calidad: 46 mini seconds publishing element
Info: TaskDescriptor:comunicar_resultados_de_no_cumplimientos: 47 mini seconds publishing element
Info: RoleDescriptor:jefe_de_proyecto: 31 mini seconds publishing element
Info: TaskDescriptor:realizar_auditorias: 47 mini seconds publishing element
Info: RoleDescriptor:administrador_de_configuraciones: 47 mini seconds publishing element
Info: RoleDescriptor:analista_de_calidad: 31 mini seconds publishing element
Info: WorkProductDescriptor:planilla_de_verificacion_del_proceso: 47 mini seconds publishing element
Info: TaskDescriptor:generar_plan_de_administracion_de_configuraciones: 47 mini seconds publishing element
Info: RoleDescriptor:administrador_de_configuraciones: 47 mini seconds publishing element
Info: WorkProductDescriptor:plan_de_proyecto: 31 mini seconds publishing element
Info: WorkProductDescriptor:plan_de_administracion_de_configuraciones: 31 mini seconds publishing element
Info: TaskDescriptor:obtener_linea_base_inicial: 78 mini seconds publishing element
Info: TaskDescriptor:categorizar_linea_base: 47 mini seconds publishing element
Info: TaskDescriptor:ingresar_artefactos_a_la_base_de_datos_de_administracion_de_configuraciones: 31 mini seconds publishing element
Info: TaskDescriptor:distribuir_items_de_configuracion: 47 mini seconds publishing element
Info: RoleDescriptor:administrador_de_configuraciones: 63 mini seconds publishing element
Info: WorkProductDescriptor:plan_de_administracion_de_configuraciones: 46 mini seconds publishing element
Info: TaskDescriptor:recibir_items_de_configuracion_e_ingresarlos_a_la_base_de_datos_de_administracion_de_configuraciones: 31 mini seconds publishing element
Info: TaskDescriptor:distribuir_items_de_configuracion_a_integradores: 31 mini seconds publishing element
Info: TaskDescriptor:recibir_items_de_configuracion_de_integradores_e_ingresarlos_a_la_base_de_datos_de_administracion_de_configuraciones: 47 mini seconds publishing element
Info: TaskDescriptor:distribuir_items_de_configuracion_para_pruebas: 31 mini seconds publishing element
Info: TaskDescriptor:recibir_items_de_configuracion_de_testeadores_e_ingresarlos_a_la_base_de_datos_de_administracion_de_configuraciones: 62 mini seconds publishing element
Info: TaskDescriptor:autorizar_nueva_linea_base: 32 mini seconds publishing element
Info: RoleDescriptor:jefe_de_proyecto: 32 mini seconds publishing element
Info: WorkProductDescriptor:plan_de_administracion_de_configuraciones: 46 mini seconds publishing element
Info: TaskDescriptor:publicar_nueva_linea_base: 47 mini seconds publishing element
Info: RoleDescriptor:administrador_de_configuraciones: 47 mini seconds publishing element
Info: TaskDescriptor:notificar_a_los_afectados_sobre_linea_base: 31 mini seconds publishing element
Info: TaskDescriptor:analizar_y_documentar_solicitudes_de_cambio: 47 mini seconds publishing element
Info: RoleDescriptor:administrador_de_configuraciones: 47 mini seconds publishing element
Info: WorkProductDescriptor:solicitud_de_requerimientos: 47 mini seconds publishing element
Info: TaskDescriptor:revisar_y_seguir_el_estado_de_las_solicitudes_de_cambio: 63 mini seconds publishing element
Info: RoleDescriptor:cliente: 47 mini seconds publishing element
Info: RoleDescriptor:gerente_de_proyectos: 31 mini seconds publishing element
Info: RoleDescriptor:jefe_de_proyecto: 47 mini seconds publishing element
Info: WorkProductDescriptor:minuta_de_reunion: 47 mini seconds publishing element
Info: TaskDescriptor:controlar_los_items_de_configuracion: 47 mini seconds publishing element
Info: TaskDescriptor:revisar_y_documentar_cambios_de_los_ics: 47 mini seconds publishing element
Info: WorkProductDescriptor:plan_de_administracion_de_configuraciones: 47 mini seconds publishing element
Info: TaskDescriptor:estimar_complejidad: 47 mini seconds publishing element
Info: RoleDescriptor:arquitecto: 46 mini seconds publishing element
Info: RoleDescriptor:gerente_de_proyectos: 63 mini seconds publishing element
Info: RoleDescriptor:jefe_de_proyecto: 47 mini seconds publishing element
Info: WorkProductDescriptor:especificacion_de_requerimientos_de_software: 47 mini seconds publishing element
Info: WorkProductDescriptor:planilla_de_tiempo_ esfuerzo_y_costo: 62 mini seconds publishing element
Info: TaskDescriptor:estimar_esfuerzo_para_integracion_y_pruebas: 47 mini seconds publishing element
Info: TaskDescriptor:estimar_esfuerzo_para_analisis_y_diseno: 63 mini seconds publishing element
Info: TaskDescriptor:estimar_esfuerzo_para_construccion: 46 mini seconds publishing element
Info: TaskDescriptor:crear_planilla_tec: 47 mini seconds publishing element
Info: WorkProductDescriptor:lista_de_riesgos: 47 mini seconds publishing element
Info: TaskDescriptor:realizar_analisis: 47 mini seconds publishing element
Info: RoleDescriptor:analista: 47 mini seconds publishing element
Info: RoleDescriptor:arquitecto: 47 mini seconds publishing element
Info: WorkProductDescriptor:analisis_preliminar: 31 mini seconds publishing element
Info: WorkProductDescriptor:especificacion_de_ambientes: 47 mini seconds publishing element
Info: WorkProductDescriptor:especificacion_de_requerimientos_de_software: 31 mini seconds publishing element
Info: WorkProductDescriptor:modelo_de_analisis: 47 mini seconds publishing element
Info: TaskDescriptor:realizar_analisis_hacer-reusar-comprar: 47 mini seconds publishing element
Info: RoleDescriptor:grupo_de_ingenieria_de_software: 47 mini seconds publishing element
Info: TaskDescriptor:definir_patrones_y_clases: 47 mini seconds publishing element
Info: RoleDescriptor:arquitecto: 47 mini seconds publishing element
Info: WorkProductDescriptor:especificacion_de_requerimientos_de_software: 62 mini seconds publishing element
Info: WorkProductDescriptor:modelo_de_analisis: 47 mini seconds publishing element
Info: WorkProductDescriptor:modelo_de_diseno: 47 mini seconds publishing element
Info: TaskDescriptor:disenar_componentes_y_programas: 62 mini seconds publishing element
Info: WorkProductDescriptor:especificacion_de_ambientes: 47 mini seconds publishing element
Info: TaskDescriptor:disenar_interfaces_y_comunicaciones: 47 mini seconds publishing element
Info: TaskDescriptor:disenar_base_de_datos: 63 mini seconds publishing element
Info: TaskDescriptor:planificar_instalacion_e_integracion: 46 mini seconds publishing element
Info: RoleDescriptor:administrador_de_ambientes: 47 mini seconds publishing element
Info: RoleDescriptor:arquitecto: 47 mini seconds publishing element
Info: RoleDescriptor:integrador_de_sistemas: 47 mini seconds publishing element
Info: WorkProductDescriptor:especificacion_de_ambientes: 31 mini seconds publishing element
Info: WorkProductDescriptor:modelo_de_diseno: 47 mini seconds publishing element
Info: WorkProductDescriptor:plan_de_administracion_de_configuraciones: 47 mini seconds publishing element
Info: WorkProductDescriptor:plan_de_proyecto: 62 mini seconds publishing element
Info: WorkProductDescriptor:carta_gantt_de_proyecto: 31 mini seconds publishing element
Info: TaskDescriptor:identificar_piezas_de_software_para_instalacion: 63 mini seconds publishing element
Info: WorkProductDescriptor:planilla_de_administracion_de_requerimientos: 31 mini seconds publishing element
Info: TaskDescriptor:chequear_ambiente_actual: 47 mini seconds publishing element
Info: RoleDescriptor:administrador_de_ambientes: 47 mini seconds publishing element
Info: RoleDescriptor:arquitecto: 47 mini seconds publishing element
Info: WorkProductDescriptor:checklist_de_ambientes: 47 mini seconds publishing element
Info: WorkProductDescriptor:especificacion_de_ambientes: 31 mini seconds publishing element
Info: WorkProductDescriptor:modelo_de_diseno: 109 mini seconds publishing element
Info: TaskDescriptor:instalar_y_configurar_ambiente: 47 mini seconds publishing element
Info: RoleDescriptor:cliente: 47 mini seconds publishing element
Info: TaskDescriptor:elaborar_manual_de_instalacion: 31 mini seconds publishing element
Info: RoleDescriptor:documentador: 47 mini seconds publishing element
Info: WorkProductDescriptor:manual_de_instalacion: 31 mini seconds publishing element
Info: TaskDescriptor:elaborar_documentos_adicionales: 31 mini seconds publishing element
Info: TaskDescriptor:integrar_piezas_de_software: 47 mini seconds publishing element
Info: TaskDescriptor:realizar_pruebas_de_integracion: 63 mini seconds publishing element
Info: RoleDescriptor:testeador: 31 mini seconds publishing element
Info: WorkProductDescriptor:plan_de_pruebas: 47 mini seconds publishing element
Info: WorkProductDescriptor:planilla_de_casos_de_prueba: 47 mini seconds publishing element
Info: WorkProductDescriptor:sumario_de_la_evaluacion_de_pruebas: 47 mini seconds publishing element
Info: TaskDescriptor:instalar_en_certificacion: 46 mini seconds publishing element
Info: RoleDescriptor:cliente: 47 mini seconds publishing element
Info: TaskDescriptor:realizar_pruebas_de_instalacion_en_certificacion: 47 mini seconds publishing element
Info: TaskDescriptor:realizar_paso_a_produccion: 47 mini seconds publishing element
Info: TaskDescriptor:instalar_en_produccion: 47 mini seconds publishing element
Info: WorkProductDescriptor:manual_de_instalacion: 31 mini seconds publishing element
Info: TaskDescriptor:desarrollar_interfaces_y_comunicaciones: 47 mini seconds publishing element
Info: RoleDescriptor:programador: 47 mini seconds publishing element
Info: WorkProductDescriptor:especificacion_de_requerimientos_de_software: 47 mini seconds publishing element
Info: WorkProductDescriptor:modelo_de_diseno: 31 mini seconds publishing element
Info: TaskDescriptor:realizar_pruebas_unitarias_de_interfaces_y_comunicaciones: 47 mini seconds publishing element
Info: TaskDescriptor:desarrollar_componentes_y_programas: 47 mini seconds publishing element
Info: RoleDescriptor:programador: 47 mini seconds publishing element
Info: WorkProductDescriptor:especificacion_de_requerimientos_de_software: 31 mini seconds publishing element
Info: WorkProductDescriptor:modelo_de_diseno: 31 mini seconds publishing element
Info: TaskDescriptor:realizar_pruebas_unitarias_de_componentes_y_programas: 47 mini seconds publishing element
Info: TaskDescriptor:desarrollar_base_de_datos: 47 mini seconds publishing element
Info: RoleDescriptor:programador: 46 mini seconds publishing element
Info: WorkProductDescriptor:especificacion_de_requerimientos_de_software: 32 mini seconds publishing element
Info: WorkProductDescriptor:modelo_de_diseno: 47 mini seconds publishing element
Info: TaskDescriptor:realizar_pruebas_unitarias_de_la_base_de_datos: 125 mini seconds publishing element
Info: TaskDescriptor:generar_el_plan_de_pruebas: 46 mini seconds publishing element
Info: RoleDescriptor:arquitecto: 47 mini seconds publishing element
Info: RoleDescriptor:jefe_de_proyecto: 47 mini seconds publishing element
Info: RoleDescriptor:testeador: 47 mini seconds publishing element
Info: WorkProductDescriptor:especificacion_de_ambientes: 47 mini seconds publishing element
Info: WorkProductDescriptor:especificacion_de_requerimientos_de_software: 31 mini seconds publishing element
Info: WorkProductDescriptor:modelo_de_analisis: 31 mini seconds publishing element
Info: WorkProductDescriptor:plan_de_proyecto: 47 mini seconds publishing element
Info: WorkProductDescriptor:plan_de_pruebas: 47 mini seconds publishing element
Info: TaskDescriptor:crear_casos_de_prueba: 62 mini seconds publishing element
Info: WorkProductDescriptor:planilla_de_casos_de_prueba: 32 mini seconds publishing element
Info: TaskDescriptor:aplicar_el_plan_de_pruebas: 46 mini seconds publishing element
Info: RoleDescriptor:testeador: 47 mini seconds publishing element
Info: WorkProductDescriptor:plan_de_pruebas: 47 mini seconds publishing element
Info: WorkProductDescriptor:planilla_de_casos_de_prueba: 31 mini seconds publishing element
Info: TaskDescriptor:preparar_el_plan_de_revisiones: 63 mini seconds publishing element
Info: RoleDescriptor:jefe_de_proyecto: 31 mini seconds publishing element
Info: WorkProductDescriptor:especificacion_de_requerimientos_de_software: 47 mini seconds publishing element
Info: WorkProductDescriptor:plan_de_revisiones: 47 mini seconds publishing element
Info: TaskDescriptor:ejecutar_y_analizar_revisiones: 62 mini seconds publishing element
Info: RoleDescriptor:equipo_de_proyecto: 31 mini seconds publishing element
Info: TaskDescriptor:verificar: 31 mini seconds publishing element
Info: TaskDescriptor:validar: 31 mini seconds publishing element
Info: TaskDescriptor:establecer_procesos_estandar: 47 mini seconds publishing element
Info: RoleDescriptor:grupo_de_ingenieria_de_procesos: 62 mini seconds publishing element
Info: WorkProductDescriptor:plantilla_artefacto_generico: 32 mini seconds publishing element
Info: WorkProductDescriptor:plantilla_patron_de_procesos: 47 mini seconds publishing element
Info: TaskDescriptor:establecer_guias_de_ajuste_y_ciclos_de_vida: 46 mini seconds publishing element
Info: WorkProductDescriptor:guia_de_ajuste_de_proceso_a_proyecto: 32 mini seconds publishing element
Info: TaskDescriptor:establecer_repositorio_de_metricas: 47 mini seconds publishing element
Info: TaskDescriptor:establecer_repositorio_de_activos_de_procesos: 46 mini seconds publishing element
Info: TaskDescriptor:establecer_estandares_de_trabajo: 32 mini seconds publishing element
Info: TaskDescriptor:crear_plan_de_entrenamiento: 62 mini seconds publishing element
Info: RoleDescriptor:grupo_de_ingenieria_de_procesos: 31 mini seconds publishing element
Info: WorkProductDescriptor:plan_de_entrenamiento_organizacional: 47 mini seconds publishing element
Info: TaskDescriptor:identificar_y_analizar_necesidades_de_entrenamiento: 47 mini seconds publishing element
Info: RoleDescriptor:grupo_de_ingenieria_de_procesos: 63 mini seconds publishing element
Info: RoleDescriptor:jefe_de_proyecto: 31 mini seconds publishing element
Info: WorkProductDescriptor:plan_de_entrenamiento_organizacional: 47 mini seconds publishing element
Info: WorkProductDescriptor:plan_de_proyecto: 47 mini seconds publishing element
Info: TaskDescriptor:determinar_criterios_y_formas_de_evaluacion_del_personal: 47 mini seconds publishing element
Info: TaskDescriptor:evaluar_personal: 62 mini seconds publishing element
Info: WorkProductDescriptor:lista_de_necesidades_de_entrenamiento: 47 mini seconds publishing element
Info: TaskDescriptor:generar_y_mantener_material_de_entrenamiento: 47 mini seconds publishing element
Info: WorkProductDescriptor:catalogo_de_recursos_de_entrenamiento: 47 mini seconds publishing element
Info: TaskDescriptor:seleccionar_personal_a_entrenar: 47 mini seconds publishing element
Info: RoleDescriptor:grupo_de_ingenieria_de_procesos: 46 mini seconds publishing element
Info: RoleDescriptor:jefe_de_proyecto: 47 mini seconds publishing element
Info: WorkProductDescriptor:lista_de_necesidades_de_entrenamiento: 47 mini seconds publishing element
Info: WorkProductDescriptor:plan_de_entrenamiento_organizacional: 31 mini seconds publishing element
Info: WorkProductDescriptor:plan_de_proyecto: 47 mini seconds publishing element
Info: WorkProductDescriptor:lista_de_participantes_de_entrenamiento: 47 mini seconds publishing element
Info: TaskDescriptor:ejecutar_entrenamiento: 47 mini seconds publishing element
Info: WorkProductDescriptor:catalogo_de_recursos_de_entrenamiento: 47 mini seconds publishing element
Info: WorkProductDescriptor:registro_de_resultados_de_entrenamiento: 47 mini seconds publishing element
Info: TaskDescriptor:evaluar_personal_entrenado: 47 mini seconds publishing element
Info: TaskDescriptor:generar_plan_de_mejoramiento_de_procesos: 47 mini seconds publishing element
Info: RoleDescriptor:grupo_de_ingenieria_de_procesos: 46 mini seconds publishing element
Info: WorkProductDescriptor:plan_de_mejoramiento_de_procesos: 47 mini seconds publishing element
Info: TaskDescriptor:monitorear_y_controlar_el_plan_de_mejoramiento_de_procesos: 47 mini seconds publishing element
Info: TaskDescriptor:incorporar_las_mejoras_planificadas: 47 mini seconds publishing element
Info: RoleDescriptor:grupo_de_ingenieria_de_procesos: 47 mini seconds publishing element
Info: WorkProductDescriptor:plan_de_mejoramiento_de_procesos: 47 mini seconds publishing element
Info: TaskDescriptor:adoptar_las_mejoras: 78 mini seconds publishing element
Info: RoleDescriptor:grupo_de_ingenieria_de_sistemas: 31 mini seconds publishing element
Info: RoleDescriptor:grupo_de_ingenieria_de_software: 47 mini seconds publishing element
Info: TaskDescriptor:evaluar_las_mejoras: 47 mini seconds publishing element
Info: TaskDescriptor:liberar_las_mejoras: 47 mini seconds publishing element
Info: TaskDescriptor:definir_y_configurar_el_proceso: 47 mini seconds publishing element
Info: RoleDescriptor:jefe_de_proyecto: 47 mini seconds publishing element
Info: WorkProductDescriptor:guia_de_ajuste_de_proceso_a_proyecto: 46 mini seconds publishing element
Info: WorkProductDescriptor:planilla_de_configuracion_de_proceso: 47 mini seconds publishing element
Info: TaskDescriptor:planificar_actividades_del_proyecto: 47 mini seconds publishing element
Info: WorkProductDescriptor:carta_gantt_de_proyecto: 47 mini seconds publishing element
Info: WorkProductDescriptor:plan_de_proyecto: 47 mini seconds publishing element
Info: WorkProductDescriptor:planilla_de_tiempo_ esfuerzo_y_costo: 47 mini seconds publishing element
Info: TaskDescriptor:revisar_planes: 47 mini seconds publishing element
Info: TaskDescriptor:integrar_planes: 47 mini seconds publishing element
Info: TaskDescriptor:realizar_analisis_post-mortem: 46 mini seconds publishing element
Info: RoleDescriptor:equipo_de_proyecto: 47 mini seconds publishing element
Info: WorkProductDescriptor:resultados_de_analisis_post_mortem: 32 mini seconds publishing element
Info: TaskDescriptor:identificar_involucrados: 46 mini seconds publishing element
Info: RoleDescriptor:jefe_de_proyecto: 47 mini seconds publishing element
Info: WorkProductDescriptor:asignacion_de_roles: 63 mini seconds publishing element
Info: TaskDescriptor:administrar_dependencias_entre_los_involucrados: 47 mini seconds publishing element
Info: TaskDescriptor:resolver_problemas_de_coordinacion: 47 mini seconds publishing element
Info: RoleDescriptor:stakeholder: 46 mini seconds publishing element
Info: WorkProductDescriptor:documento_de_resolucion_de_coordinacion: 47 mini seconds publishing element
Info: TaskDescriptor:establecer_guias_y_criterios_para_realizar_evaluaciones_formales: 47 mini seconds publishing element
Info: RoleDescriptor:grupo_de_ingenieria_de_procesos: 31 mini seconds publishing element
Info: WorkProductDescriptor:guia_de_evaluaciones_formales: 47 mini seconds publishing element
Info: TaskDescriptor:identificar_situaciones_que_requieran_evaluaciones_formales: 47 mini seconds publishing element
Info: RoleDescriptor:jefe_de_proyecto: 47 mini seconds publishing element
Info: TaskDescriptor:evaluar_y_desarrollar_alternativas_segun_criterios: 47 mini seconds publishing element
Info: WorkProductDescriptor:registro_de_decision_formal: 47 mini seconds publishing element
Info: TaskDescriptor:seleccionar_alternativa: 47 mini seconds publishing element
Info: TaskDescriptor:desarrollar_calendario_de_actividades_para_administrar_los_riesgos: 47 mini seconds publishing element
Info: RoleDescriptor:cliente: 46 mini seconds publishing element
Info: RoleDescriptor:jefe_de_proyecto: 47 mini seconds publishing element
Info: WorkProductDescriptor:plan_de_proyecto: 47 mini seconds publishing element
Info: TaskDescriptor:identificar_fuentes_de_riesgos: 47 mini seconds publishing element
Info: WorkProductDescriptor:lista_de_riesgos: 31 mini seconds publishing element
Info: TaskDescriptor:desarrollar_una_estrategia_para_la_administracion_de_riesgos: 62 mini seconds publishing element
Info: TaskDescriptor:identificar_riesgos: 47 mini seconds publishing element
Info: RoleDescriptor:equipo_de_proyecto: 32 mini seconds publishing element
Info: WorkProductDescriptor:lista_de_riesgos: 62 mini seconds publishing element
Info: TaskDescriptor:analizar_riesgos_y_estimar_magnitud: 63 mini seconds publishing element
Info: TaskDescriptor:desarrollar_plan_de_accion: 78 mini seconds publishing element
Info: RoleDescriptor:cliente: 31 mini seconds publishing element
Info: RoleDescriptor:jefe_de_proyecto: 47 mini seconds publishing element
Info: TaskDescriptor:controlar_y_monitorear_riesgos: 47 mini seconds publishing element
Info: RoleDescriptor:cliente: 47 mini seconds publishing element
Info: RoleDescriptor:jefe_de_proyecto: 46 mini seconds publishing element
Info: WorkProductDescriptor:lista_de_riesgos: 47 mini seconds publishing element
Info: WorkProductDescriptor:plan_de_proyecto: 32 mini seconds publishing element
Info: TaskDescriptor:ejecutar_plan_de_contingencia: 46 mini seconds publishing element
Info: RoleDescriptor:equipo_de_proyecto: 47 mini seconds publishing element
Info: Task:identificar_contraparte: 47 mini seconds publishing element
Info: Role:gerente_de_proyectos: 188 mini seconds publishing element
Info: Role:jefe_de_proyecto: 593 mini seconds publishing element
Info: Artifact:asignacion_de_roles: 63 mini seconds publishing element
Info: Artifact:plan_de_proyecto: 141 mini seconds publishing element
Info: Task:revisar_requerimientos: 31 mini seconds publishing element
Info: Artifact:analisis_preliminar: 62 mini seconds publishing element
Info: Artifact:especificacion_de_requerimientos_de_software: 78 mini seconds publishing element
Info: Artifact:modelo_de_casos_de_uso: 31 mini seconds publishing element
Info: Artifact:plan_de_revisiones: 47 mini seconds publishing element
Info: Artifact:planilla_de_administracion_de_requerimientos: 94 mini seconds publishing element
Info: Task:asegurar_entendimiento_comun_de_requerimientos: 31 mini seconds publishing element
Info: Role:equipo_de_proyecto: 172 mini seconds publishing element
Info: Task:evaluar_impacto_y_factibilidad: 32 mini seconds publishing element
Info: Role:area_comercial: 109 mini seconds publishing element
Info: Artifact:orden_de_servicio: 47 mini seconds publishing element
Info: Artifact:planilla_de_tiempo_ esfuerzo_y_costo: 62 mini seconds publishing element
Info: Task:negociar_y_registrar_compromisos: 32 mini seconds publishing element
Info: Task:revisar_consistencia_de_requerimientos: 31 mini seconds publishing element
Info: Artifact:carta_gantt_de_proyecto: 63 mini seconds publishing element
Info: Task:analizar_inconsistencia_de_requerimientos: 31 mini seconds publishing element
Info: Task:identificar_cambios_en_planes: 31 mini seconds publishing element
Info: Task:iniciar_acciones_correctivas: 47 mini seconds publishing element
Info: Task:recepcionar_cambio_de_requerimiento: 32 mini seconds publishing element
Info: Role:cliente: 671 mini seconds publishing element
Info: Artifact:minuta_de_reunion: 47 mini seconds publishing element
Info: Artifact:solicitud_de_requerimientos: 125 mini seconds publishing element
Info: Task:analizar_cambios: 32 mini seconds publishing element
Info: Role:analista: 140 mini seconds publishing element
Info: Task:estimar_cambios: 31 mini seconds publishing element
Info: Task:aprobar_cambios1: 32 mini seconds publishing element
Info: Task:aprobar_cambios2: 47 mini seconds publishing element
Info: Task:aprobar_ordenes_de_servicio_adicionales: 31 mini seconds publishing element
Info: Task:actualizar_linea_base_de_requerimientos: 31 mini seconds publishing element
Info: Task:actualizar_planes_y_otros_artefactos: 31 mini seconds publishing element
Info: Task:generar_estructura_de_directorio_del_proyecto: 47 mini seconds publishing element
Info: Artifact:plantilla_de_estructura_de_proyecto: 47 mini seconds publishing element
Info: Task:generar_lista_de_riesgos_preliminar: 31 mini seconds publishing element
Info: Role:grupo_de_ingenieria_de_software: 110 mini seconds publishing element
Info: Artifact:solicitud_de_cotizacion: 31 mini seconds publishing element
Info: Artifact:lista_de_riesgos: 94 mini seconds publishing element
Info: Task:desarrollar_planilla_de_tiempo_esfuerzo_y_costo: 31 mini seconds publishing element
Info: Artifact:especificacion_de_ambientes: 62 mini seconds publishing element
Info: Task:generar_asignacion_de_roles_preliminar: 47 mini seconds publishing element
Info: Artifact:lista_de_necesidades_de_entrenamiento: 63 mini seconds publishing element
Info: Task:generar_carta_gantt_preliminar: 31 mini seconds publishing element
Info: Task:generar_configuracion_de_proceso: 47 mini seconds publishing element
Info: Artifact:planilla_de_configuracion_de_proceso: 31 mini seconds publishing element
Info: Task:generar_propuesta: 47 mini seconds publishing element
Info: Role:administracion_y_finanzas: 78 mini seconds publishing element
Info: Artifact:propuesta: 31 mini seconds publishing element
Info: Task:revisar_propuesta: 47 mini seconds publishing element
Info: Task:generar_plan_de_proyecto: 32 mini seconds publishing element
Info: Task:actualizar_asignacion_de_roles: 31 mini seconds publishing element
Info: Task:desarrollar_gantt_con_actividades_plazos_y_recursos: 47 mini seconds publishing element
Info: Role:grupo_de_ingenieria_de_sistemas: 78 mini seconds publishing element
Info: Artifact:carta_gantt_de_iteracion: 47 mini seconds publishing element
Info: Task:actualizar_riesgos: 31 mini seconds publishing element
Info: Task:revisar_plan_de_proyecto: 141 mini seconds publishing element
Info: Task:generar_documento_de_lanzamiento_del_proyecto: 46 mini seconds publishing element
Info: Artifact:analisis_de_entrevistas_a_involucrados: 32 mini seconds publishing element
Info: Artifact:presentacion_de_lanzamiento_de_proyecto: 47 mini seconds publishing element
Info: Task:hacer_reunion_de_lanzamiento_del_proyecto: 62 mini seconds publishing element
Info: Role:stakeholder: 609 mini seconds publishing element
Info: Task:generar_carta_gantt_de_la_siguiente_iteracion: 32 mini seconds publishing element
Info: Task:hacer_seguimento_de_actividades_planificadas: 47 mini seconds publishing element
Info: Artifact:planilla_de_registro_de_horas: 46 mini seconds publishing element
Info: Task:revisar_reportes_de_aseguramiento_de_calidad_de_producto_y_proceso: 32 mini seconds publishing element
Info: Artifact:plan_de_aseguramiento_de_calidad_de_procesos_y_productos: 47 mini seconds publishing element
Info: Artifact:planilla_de_verificacion_del_proceso: 62 mini seconds publishing element
Info: Task:hacer_seguimiento_de_riesgos_del_proyecto: 31 mini seconds publishing element
Info: Task:hacer_reunion_de_seguimiento: 32 mini seconds publishing element
Info: Task:evaluar_estado: 46 mini seconds publishing element
Info: Artifact:planilla_de_evaluacion_de_estado: 47 mini seconds publishing element
Info: Artifact:presentacion_de_estado_de_avance: 31 mini seconds publishing element
Info: Task:actualizar_trazabilidad: 31 mini seconds publishing element
Info: Task:comunicar_cambios_a_los_afectados: 47 mini seconds publishing element
Info: Task:resolver_temas_pendientes_de_aseguramiento_de_calidad_de_proceso_y_producto: 47 mini seconds publishing element
Info: Task:recolectar_metricas_del_proyecto: 31 mini seconds publishing element
Info: Task:generar_y_enviar_acta_de_entrega: 32 mini seconds publishing element
Info: Artifact:acta_de_entrega: 47 mini seconds publishing element
Info: Task:realizar_cierre_del_proyecto: 46 mini seconds publishing element
Info: Role:proveedor: 79 mini seconds publishing element
Info: Artifact:presentacion_de_cierre_de_proyecto: 31 mini seconds publishing element
Info: Task:determinar_producto_y_o_servicio_a_adquirir: 47 mini seconds publishing element
Info: Task:determinar_criterio_de_evaluacion_de_proveedores: 31 mini seconds publishing element
Info: Artifact:documento_de_evaluacion_producto_proveedor: 47 mini seconds publishing element
Info: Task:buscar_proveedores_candidatos: 47 mini seconds publishing element
Info: Artifact:lista_de_proveedores_preferenciales: 47 mini seconds publishing element
Info: Artifact:lista_de_proveedores: 46 mini seconds publishing element
Info: Task:enviar_las_especificaciones_del_producto_y_o_servicio_a_los_proveedores: 32 mini seconds publishing element
Info: Task:recepcionar_propuestas: 31 mini seconds publishing element
Info: Artifact:lista_de_propuestas: 47 mini seconds publishing element
Info: Task:evaluar_propuestas_de_acuerdo_a_los_criterios_establecidos: 31 mini seconds publishing element
Info: Task:seleccionar_y_notificar_al_proveedor: 47 mini seconds publishing element
Info: Task:negociar_condiciones_finales_y_formalizar_el_acuerdo: 31 mini seconds publishing element
Info: Task:ejecutar_acuerdo: 47 mini seconds publishing element
Info: Task:evaluar_producto_y_o_servicio: 31 mini seconds publishing element
Info: Task:aceptar_producto_y_o_servicio: 47 mini seconds publishing element
Info: Task:implantar_producto_y_o_servicio: 31 mini seconds publishing element
Info: Artifact:manual_de_instalacion: 47 mini seconds publishing element
Info: Task:evaluar_al_proveedor: 32 mini seconds publishing element
Info: Artifact:documento_de_evaluacion_de_proveedor: 46 mini seconds publishing element
Info: Task:establecer_objetivos_de_la_medicion: 32 mini seconds publishing element
Info: Role:grupo_de_ingenieria_de_procesos: 187 mini seconds publishing element
Info: Task:especificar_metricas: 31 mini seconds publishing element
Info: Task:especificar_procedimientos_de_recoleccion_y_almacenamiento_de_datos: 47 mini seconds publishing element
Info: Task:especificar_procedimientos_de_analisis: 32 mini seconds publishing element
Info: Task:informar_metricas_definidas_a_involucrados: 46 mini seconds publishing element
Info: Task:recolectar_datos_de_las_mediciones: 47 mini seconds publishing element
Info: Role:analista_de_calidad: 78 mini seconds publishing element
Info: Task:analizar_los_datos_recolectados: 31 mini seconds publishing element
Info: Task:almacenar_datos_recolectados: 47 mini seconds publishing element
Info: Task:comunicar_los_resultados: 31 mini seconds publishing element
Info: Task:desarrollar_plan_de_aseguramiento_de_calidad: 63 mini seconds publishing element
Info: Task:revisar_procesos_y_productos: 31 mini seconds publishing element
Info: Task:seguir_no_cumplimientos_previos: 31 mini seconds publishing element
Info: Task:monitorear_el_plan_de_aseguramiento_de_calidad: 47 mini seconds publishing element
Info: Task:comunicar_resultados_de_no_cumplimientos: 32 mini seconds publishing element
Info: Task:realizar_auditorias: 46 mini seconds publishing element
Info: Role:administrador_de_configuraciones: 141 mini seconds publishing element
Info: Task:generar_plan_de_administracion_de_configuraciones: 47 mini seconds publishing element
Info: Artifact:plan_de_administracion_de_configuraciones: 62 mini seconds publishing element
Info: Task:obtener_linea_base_inicial: 47 mini seconds publishing element
Info: Task:categorizar_linea_base: 32 mini seconds publishing element
Info: Task:ingresar_artefactos_a_la_base_de_datos_de_administracion_de_configuraciones: 31 mini seconds publishing element
Info: Task:distribuir_items_de_configuracion: 47 mini seconds publishing element
Info: Task:recibir_items_de_configuracion_e_ingresarlos_a_la_base_de_datos_de_administracion_de_configuraciones: 31 mini seconds publishing element
Info: Task:distribuir_items_de_configuracion_a_integradores: 47 mini seconds publishing element
Info: Task:recibir_items_de_configuracion_de_integradores_e_ingresarlos_a_la_base_de_datos_de_administracion_de_configuraciones: 94 mini seconds publishing element
Info: Task:distribuir_items_de_configuracion_para_pruebas: 46 mini seconds publishing element
Info: Task:recibir_items_de_configuracion_de_testeadores_e_ingresarlos_a_la_base_de_datos_de_administracion_de_configuraciones: 32 mini seconds publishing element
Info: Task:autorizar_nueva_linea_base: 31 mini seconds publishing element
Info: Task:publicar_nueva_linea_base: 31 mini seconds publishing element
Info: Task:notificar_a_los_afectados_sobre_linea_base: 31 mini seconds publishing element
Info: Task:analizar_y_documentar_solicitudes_de_cambio: 47 mini seconds publishing element
Info: Task:revisar_y_seguir_el_estado_de_las_solicitudes_de_cambio: 32 mini seconds publishing element
Info: Task:controlar_los_items_de_configuracion: 31 mini seconds publishing element
Info: Task:revisar_y_documentar_cambios_de_los_ics: 32 mini seconds publishing element
Info: Task:estimar_complejidad: 47 mini seconds publishing element
Info: Role:arquitecto: 671 mini seconds publishing element
Info: Task:estimar_esfuerzo_para_integracion_y_pruebas: 47 mini seconds publishing element
Info: Task:estimar_esfuerzo_para_analisis_y_diseno: 47 mini seconds publishing element
Info: Task:estimar_esfuerzo_para_construccion: 31 mini seconds publishing element
Info: Task:crear_planilla_tec: 47 mini seconds publishing element
Info: Task:realizar_analisis: 47 mini seconds publishing element
Info: Artifact:modelo_de_analisis: 47 mini seconds publishing element
Info: Task:realizar_analisis_hacer-reusar-comprar: 47 mini seconds publishing element
Info: Task:definir_patrones_y_clases: 47 mini seconds publishing element
Info: Artifact:modelo_de_diseno: 62 mini seconds publishing element
Info: Task:disenar_componentes_y_programas: 32 mini seconds publishing element
Info: Task:disenar_interfaces_y_comunicaciones: 46 mini seconds publishing element
Info: Task:disenar_base_de_datos: 47 mini seconds publishing element
Info: Task:planificar_instalacion_e_integracion: 47 mini seconds publishing element
Info: Role:administrador_de_ambientes: 78 mini seconds publishing element
Info: Role:integrador_de_sistemas: 78 mini seconds publishing element
Info: Task:identificar_piezas_de_software_para_instalacion: 31 mini seconds publishing element
Info: Task:chequear_ambiente_actual: 47 mini seconds publishing element
Info: Artifact:checklist_de_ambientes: 78 mini seconds publishing element
Info: Task:instalar_y_configurar_ambiente: 32 mini seconds publishing element
Info: Task:elaborar_manual_de_instalacion: 31 mini seconds publishing element
Info: Role:documentador: 63 mini seconds publishing element
Info: Task:elaborar_documentos_adicionales: 47 mini seconds publishing element
Info: Task:integrar_piezas_de_software: 31 mini seconds publishing element
Info: Task:realizar_pruebas_de_integracion: 47 mini seconds publishing element
Info: Role:testeador: 94 mini seconds publishing element
Info: Artifact:plan_de_pruebas: 62 mini seconds publishing element
Info: Artifact:planilla_de_casos_de_prueba: 47 mini seconds publishing element
Info: Artifact:sumario_de_la_evaluacion_de_pruebas: 47 mini seconds publishing element
Info: Task:instalar_en_certificacion: 47 mini seconds publishing element
Info: Task:realizar_pruebas_de_instalacion_en_certificacion: 31 mini seconds publishing element
Info: Task:realizar_paso_a_produccion: 47 mini seconds publishing element
Info: Task:instalar_en_produccion: 31 mini seconds publishing element
Info: Task:desarrollar_interfaces_y_comunicaciones: 47 mini seconds publishing element
Info: Role:programador: 703 mini seconds publishing element
Info: Task:realizar_pruebas_unitarias_de_interfaces_y_comunicaciones: 94 mini seconds publishing element
Info: Task:desarrollar_componentes_y_programas: 31 mini seconds publishing element
Info: Task:realizar_pruebas_unitarias_de_componentes_y_programas: 31 mini seconds publishing element
Info: Task:desarrollar_base_de_datos: 31 mini seconds publishing element
Info: Task:realizar_pruebas_unitarias_de_la_base_de_datos: 32 mini seconds publishing element
Info: Task:generar_el_plan_de_pruebas: 46 mini seconds publishing element
Info: Task:crear_casos_de_prueba: 63 mini seconds publishing element
Info: Task:aplicar_el_plan_de_pruebas: 31 mini seconds publishing element
Info: Task:preparar_el_plan_de_revisiones: 47 mini seconds publishing element
Info: Task:ejecutar_y_analizar_revisiones: 47 mini seconds publishing element
Info: Task:verificar: 31 mini seconds publishing element
Info: Task:validar: 47 mini seconds publishing element
Info: Task:establecer_procesos_estandar: 63 mini seconds publishing element
Info: Artifact:plantilla_artefacto_generico: 46 mini seconds publishing element
Info: Artifact:plantilla_patron_de_procesos: 32 mini seconds publishing element
Info: Task:establecer_guias_de_ajuste_y_ciclos_de_vida: 47 mini seconds publishing element
Info: Artifact:guia_de_ajuste_de_proceso_a_proyecto: 31 mini seconds publishing element
Info: Task:establecer_repositorio_de_metricas: 32 mini seconds publishing element
Info: Task:establecer_repositorio_de_activos_de_procesos: 47 mini seconds publishing element
Info: Task:establecer_estandares_de_trabajo: 31 mini seconds publishing element
Info: Task:crear_plan_de_entrenamiento: 47 mini seconds publishing element
Info: Artifact:plan_de_entrenamiento_organizacional: 47 mini seconds publishing element
Info: Task:identificar_y_analizar_necesidades_de_entrenamiento: 46 mini seconds publishing element
Info: Task:determinar_criterios_y_formas_de_evaluacion_del_personal: 32 mini seconds publishing element
Info: Task:evaluar_personal: 47 mini seconds publishing element
Info: Task:generar_y_mantener_material_de_entrenamiento: 46 mini seconds publishing element
Info: Artifact:catalogo_de_recursos_de_entrenamiento: 47 mini seconds publishing element
Info: Task:seleccionar_personal_a_entrenar: 47 mini seconds publishing element
Info: Artifact:lista_de_participantes_de_entrenamiento: 47 mini seconds publishing element
Info: Task:ejecutar_entrenamiento: 47 mini seconds publishing element
Info: Artifact:registro_de_resultados_de_entrenamiento: 47 mini seconds publishing element
Info: Task:evaluar_personal_entrenado: 47 mini seconds publishing element
Info: Task:generar_plan_de_mejoramiento_de_procesos: 31 mini seconds publishing element
Info: Artifact:plan_de_mejoramiento_de_procesos: 46 mini seconds publishing element
Info: Task:monitorear_y_controlar_el_plan_de_mejoramiento_de_procesos: 47 mini seconds publishing element
Info: Task:incorporar_las_mejoras_planificadas: 32 mini seconds publishing element
Info: Task:adoptar_las_mejoras: 78 mini seconds publishing element
Info: Task:evaluar_las_mejoras: 31 mini seconds publishing element
Info: Task:liberar_las_mejoras: 31 mini seconds publishing element
Info: Task:definir_y_configurar_el_proceso: 47 mini seconds publishing element
Info: Task:planificar_actividades_del_proyecto: 47 mini seconds publishing element
Info: Task:revisar_planes: 31 mini seconds publishing element
Info: Task:integrar_planes: 31 mini seconds publishing element
Info: Task:realizar_analisis_post-mortem: 47 mini seconds publishing element
Info: Artifact:resultados_de_analisis_post_mortem: 47 mini seconds publishing element
Info: Task:identificar_involucrados: 31 mini seconds publishing element
Info: Task:administrar_dependencias_entre_los_involucrados: 47 mini seconds publishing element
Info: Task:resolver_problemas_de_coordinacion: 47 mini seconds publishing element
Info: Artifact:documento_de_resolucion_de_coordinacion: 47 mini seconds publishing element
Info: Task:establecer_guias_y_criterios_para_realizar_evaluaciones_formales: 31 mini seconds publishing element
Info: Artifact:guia_de_evaluaciones_formales: 47 mini seconds publishing element
Info: Task:identificar_situaciones_que_requieran_evaluaciones_formales: 47 mini seconds publishing element
Info: Task:evaluar_y_desarrollar_alternativas_segun_criterios: 47 mini seconds publishing element
Info: Artifact:registro_de_decision_formal: 46 mini seconds publishing element
Info: Task:seleccionar_alternativa: 47 mini seconds publishing element
Info: Task:desarrollar_calendario_de_actividades_para_administrar_los_riesgos: 47 mini seconds publishing element
Info: Task:identificar_fuentes_de_riesgos: 47 mini seconds publishing element
Info: Task:desarrollar_una_estrategia_para_la_administracion_de_riesgos: 31 mini seconds publishing element
Info: Task:identificar_riesgos: 47 mini seconds publishing element
Info: Task:analizar_riesgos_y_estimar_magnitud: 47 mini seconds publishing element
Info: Task:desarrollar_plan_de_accion: 47 mini seconds publishing element
Info: Task:controlar_y_monitorear_riesgos: 47 mini seconds publishing element
Info: Task:ejecutar_plan_de_contingencia: 47 mini seconds publishing element
Info: Artifact:glosario: 31 mini seconds publishing element
Info: Artifact:encuesta_de_satisfaccion_del_cliente: 47 mini seconds publishing element
Info: Task:actualizar_planes: 47 mini seconds publishing element
Info: Task:analizar_impacto_de_cambios: 125 mini seconds publishing element
Info: Task:definir_ambiente: 47 mini seconds publishing element
Info: Task:generar_trazabilidad_con_requerimientos_de_usuario: 46 mini seconds publishing element
Info: Task:hacer_checklist_de_ambiente: 47 mini seconds publishing element
Info: Template:asignacion_de_roles: 47 mini seconds publishing element
Info: Template:plan_de_proyecto: 47 mini seconds publishing element
Info: Task:definir_el_problema_y_alcance_del_proyecto: 47 mini seconds publishing element
Info: Task:identificar_requerimientos_de_interfaz: 47 mini seconds publishing element
Info: Task:realizar_analisis_preliminar_del_proyecto: 32 mini seconds publishing element
Info: Template:analisis_preliminar: 62 mini seconds publishing element
Info: Task:actualizar_especificacion_de_requerimientos: 47 mini seconds publishing element
Info: Task:analizar_requerimientos: 47 mini seconds publishing element
Info: Task:definir_restricciones_de_producto_y_componentes_de_producto: 47 mini seconds publishing element
Info: Task:lograr_balance_de_requerimientos: 62 mini seconds publishing element
Info: Task:validar_requerimientos: 32 mini seconds publishing element
Info: Task:definir_requerimientos_de_producto_y_componentes_de_producto: 47 mini seconds publishing element
Info: Template:especificacion_de_requerimientos_de_software: 47 mini seconds publishing element
Info: Template:plan_de_revisiones: 47 mini seconds publishing element
Info: Task:actualizar_trazabilidad_de_requerimientos: 47 mini seconds publishing element
Info: Template:planilla_de_administracion_de_requerimientos: 140 mini seconds publishing element
Info: Template:planilla_de_tiempo_ esfuerzo_y_costo: 63 mini seconds publishing element
Info: Template:carta_gantt_de_proyecto: 47 mini seconds publishing element
Info: Template:minuta_de_reunion: 47 mini seconds publishing element
Info: Template:solicitud_de_requerimientos: 46 mini seconds publishing element
Info: Artifact:entrevista_a_involucrado: 47 mini seconds publishing element
Info: Artifact:modelo: 47 mini seconds publishing element
Info: Artifact:vision_del_producto: 63 mini seconds publishing element
Info: Task:actualizar_especificacion_de_ambiente: 31 mini seconds publishing element
Info: Template:lista_de_riesgos: 62 mini seconds publishing element
Info: Template:especificacion_de_ambientes: 47 mini seconds publishing element
Info: Template:lista_de_necesidades_de_entrenamiento: 63 mini seconds publishing element
Info: Template:planilla_de_configuracion_de_proceso: 47 mini seconds publishing element
Info: Template:carta_gantt_de_iteracion: 47 mini seconds publishing element
Info: Template:analisis_de_entrevistas_a_involucrados: 46 mini seconds publishing element
Info: Template:presentacion_de_lanzamiento_de_proyecto: 47 mini seconds publishing element
Info: Template:planilla_de_registro_de_horas: 63 mini seconds publishing element
Info: Template:plan_de_aseguramiento_de_calidad_de_procesos_y_productos: 47 mini seconds publishing element
Info: Template:planilla_de_verificacion_del_proceso: 62 mini seconds publishing element
Info: Template:planilla_de_evaluacion_de_estado: 47 mini seconds publishing element
Info: Template:presentacion_de_estado_de_avance: 47 mini seconds publishing element
Info: Template:acta_de_entrega: 47 mini seconds publishing element
Info: Template:presentacion_de_cierre_de_proyecto: 47 mini seconds publishing element
Info: Template:plan_de_administracion_de_configuraciones: 47 mini seconds publishing element
Info: Template:checklist_de_ambientes: 46 mini seconds publishing element
Info: Template:plan_de_pruebas: 63 mini seconds publishing element
Info: Template:planilla_de_casos_de_prueba: 47 mini seconds publishing element
Info: Template:sumario_de_la_evaluacion_de_pruebas: 62 mini seconds publishing element
Info: Template:plantilla_artefacto_generico: 47 mini seconds publishing element
Info: Template:plantilla_patron_de_procesos: 63 mini seconds publishing element
Info: Template:guia_de_ajuste_de_proceso_a_proyecto: 47 mini seconds publishing element
Info: Template:plan_de_entrenamiento_organizacional: 46 mini seconds publishing element
Info: Template:catalogo_de_recursos_de_entrenamiento: 47 mini seconds publishing element
Info: Template:lista_de_participantes_de_entrenamiento: 47 mini seconds publishing element
Info: Template:registro_de_resultados_de_entrenamiento: 47 mini seconds publishing element
Info: Template:plan_de_mejoramiento_de_procesos: 47 mini seconds publishing element
Info: Template:resultados_de_analisis_post_mortem: 47 mini seconds publishing element
Info: Template:documento_de_resolucion_de_coordinacion: 47 mini seconds publishing element
Info: Template:guia_de_evaluaciones_formales: 47 mini seconds publishing element
Info: Template:registro_de_decision_formal: 62 mini seconds publishing element
Info: Template:glosario: 47 mini seconds publishing element
Info: Template:encuesta_de_satisfaccion_del_cliente: 62 mini seconds publishing element
Info: Template:entrevista_a_involucrado: 63 mini seconds publishing element
Info: Template:vision_del_producto: 62 mini seconds publishing element
Info: : Publishing time: 1 minutes 45 seconds
